2013.12.02 15:01:27 org.jivesoftware.openfire.nio.ConnectionHandler - ConnectionHandler reports unexpected exception for session: (SOCKET, R: /127.0.0.1:57398, L: /127.0.0.1:5222, S: 0.0.0.0/0.0.0.0:5222)
java.lang.Exception: <setup> PROCESSED!!!!!
	at cl.clayster.exi.EXIFilter.messageReceived(EXIFilter.java:102)
	at org.apache.mina.common.support.AbstractIoFilterChain.callNextMessageReceived(AbstractIoFilterChain.java:299)
	at org.apache.mina.common.support.AbstractIoFilterChain.access$1100(AbstractIoFilterChain.java:53)
	at org.apache.mina.common.support.AbstractIoFilterChain$EntryImpl$1.messageReceived(AbstractIoFilterChain.java:648)
	at org.apache.mina.common.IoFilterAdapter.messageReceived(IoFilterAdapter.java:80)
	at org.apache.mina.common.support.AbstractIoFilterChain.callNextMessageReceived(AbstractIoFilterChain.java:299)
	at org.apache.mina.common.support.AbstractIoFilterChain.access$1100(AbstractIoFilterChain.java:53)
	at org.apache.mina.common.support.AbstractIoFilterChain$EntryImpl$1.messageReceived(AbstractIoFilterChain.java:648)
	at org.apache.mina.filter.codec.support.SimpleProtocolDecoderOutput.flush(SimpleProtocolDecoderOutput.java:58)
	at org.apache.mina.filter.codec.ProtocolCodecFilter.messageReceived(ProtocolCodecFilter.java:185)
	at org.apache.mina.common.support.AbstractIoFilterChain.callNextMessageReceived(AbstractIoFilterChain.java:299)
	at org.apache.mina.common.support.AbstractIoFilterChain.access$1100(AbstractIoFilterChain.java:53)
	at org.apache.mina.common.support.AbstractIoFilterChain$EntryImpl$1.messageReceived(AbstractIoFilterChain.java:648)
	at org.apache.mina.common.IoFilterAdapter.messageReceived(IoFilterAdapter.java:80)
	at org.jivesoftware.openfire.plugin.RawPrintFilter.messageReceived(RawPrintFilter.java:66)
	at org.apache.mina.common.support.AbstractIoFilterChain.callNextMessageReceived(AbstractIoFilterChain.java:299)
	at org.apache.mina.common.support.AbstractIoFilterChain.access$1100(AbstractIoFilterChain.java:53)
	at org.apache.mina.common.support.AbstractIoFilterChain$EntryImpl$1.messageReceived(AbstractIoFilterChain.java:648)
	at org.apache.mina.filter.executor.ExecutorFilter.processEvent(ExecutorFilter.java:239)
	at org.apache.mina.filter.executor.ExecutorFilter$ProcessEventsRunnable.run(ExecutorFilter.java:283)
	at java.util.concurrent.ThreadPoolExecutor.runWorker(Unknown Source)
	at java.util.concurrent.ThreadPoolExecutor$Worker.run(Unknown Source)
	at org.apache.mina.util.NamePreservingRunnable.run(NamePreservingRunnable.java:51)
	at java.lang.Thread.run(Unknown Source)
2013.12.02 15:01:27 org.jivesoftware.openfire.nio.ConnectionHandler - ConnectionHandler reports unexpected exception for session: (SOCKET, R: /127.0.0.1:57398, L: /127.0.0.1:5222, S: 0.0.0.0/0.0.0.0:5222)
java.lang.Exception: <compress> PROCESSED!!!!!
	at cl.clayster.exi.EXIFilter.messageReceived(EXIFilter.java:115)
	at org.apache.mina.common.support.AbstractIoFilterChain.callNextMessageReceived(AbstractIoFilterChain.java:299)
	at org.apache.mina.common.support.AbstractIoFilterChain.access$1100(AbstractIoFilterChain.java:53)
	at org.apache.mina.common.support.AbstractIoFilterChain$EntryImpl$1.messageReceived(AbstractIoFilterChain.java:648)
	at org.apache.mina.common.IoFilterAdapter.messageReceived(IoFilterAdapter.java:80)
	at org.apache.mina.common.support.AbstractIoFilterChain.callNextMessageReceived(AbstractIoFilterChain.java:299)
	at org.apache.mina.common.support.AbstractIoFilterChain.access$1100(AbstractIoFilterChain.java:53)
	at org.apache.mina.common.support.AbstractIoFilterChain$EntryImpl$1.messageReceived(AbstractIoFilterChain.java:648)
	at org.apache.mina.filter.codec.support.SimpleProtocolDecoderOutput.flush(SimpleProtocolDecoderOutput.java:58)
	at org.apache.mina.filter.codec.ProtocolCodecFilter.messageReceived(ProtocolCodecFilter.java:185)
	at org.apache.mina.common.support.AbstractIoFilterChain.callNextMessageReceived(AbstractIoFilterChain.java:299)
	at org.apache.mina.common.support.AbstractIoFilterChain.access$1100(AbstractIoFilterChain.java:53)
	at org.apache.mina.common.support.AbstractIoFilterChain$EntryImpl$1.messageReceived(AbstractIoFilterChain.java:648)
	at org.apache.mina.common.IoFilterAdapter.messageReceived(IoFilterAdapter.java:80)
	at org.jivesoftware.openfire.plugin.RawPrintFilter.messageReceived(RawPrintFilter.java:66)
	at org.apache.mina.common.support.AbstractIoFilterChain.callNextMessageReceived(AbstractIoFilterChain.java:299)
	at org.apache.mina.common.support.AbstractIoFilterChain.access$1100(AbstractIoFilterChain.java:53)
	at org.apache.mina.common.support.AbstractIoFilterChain$EntryImpl$1.messageReceived(AbstractIoFilterChain.java:648)
	at org.apache.mina.filter.executor.ExecutorFilter.processEvent(ExecutorFilter.java:239)
	at org.apache.mina.filter.executor.ExecutorFilter$ProcessEventsRunnable.run(ExecutorFilter.java:283)
	at java.util.concurrent.ThreadPoolExecutor.runWorker(Unknown Source)
	at java.util.concurrent.ThreadPoolExecutor$Worker.run(Unknown Source)
	at org.apache.mina.util.NamePreservingRunnable.run(NamePreservingRunnable.java:51)
	at java.lang.Thread.run(Unknown Source)
2013.12.02 15:01:28 org.jivesoftware.openfire.nio.ConnectionHandler - ConnectionHandler reports unexpected exception for session: (SOCKET, R: /127.0.0.1:57398, L: /127.0.0.1:5222, S: 0.0.0.0/0.0.0.0:5222)
java.lang.Exception: <exi:streamStart> PROCESSED!!!!!
	at cl.clayster.exi.EXIDecoderFilter.messageReceived(EXIDecoderFilter.java:53)
	at org.apache.mina.common.support.AbstractIoFilterChain.callNextMessageReceived(AbstractIoFilterChain.java:299)
	at org.apache.mina.common.support.AbstractIoFilterChain.access$1100(AbstractIoFilterChain.java:53)
	at org.apache.mina.common.support.AbstractIoFilterChain$EntryImpl$1.messageReceived(AbstractIoFilterChain.java:648)
	at org.apache.mina.common.IoFilterAdapter.messageReceived(IoFilterAdapter.java:80)
	at org.jivesoftware.openfire.plugin.RawPrintFilter.messageReceived(RawPrintFilter.java:66)
	at org.apache.mina.common.support.AbstractIoFilterChain.callNextMessageReceived(AbstractIoFilterChain.java:299)
	at org.apache.mina.common.support.AbstractIoFilterChain.access$1100(AbstractIoFilterChain.java:53)
	at org.apache.mina.common.support.AbstractIoFilterChain$EntryImpl$1.messageReceived(AbstractIoFilterChain.java:648)
	at org.apache.mina.filter.executor.ExecutorFilter.processEvent(ExecutorFilter.java:239)
	at org.apache.mina.filter.executor.ExecutorFilter$ProcessEventsRunnable.run(ExecutorFilter.java:283)
	at java.util.concurrent.ThreadPoolExecutor.runWorker(Unknown Source)
	at java.util.concurrent.ThreadPoolExecutor$Worker.run(Unknown Source)
	at org.apache.mina.util.NamePreservingRunnable.run(NamePreservingRunnable.java:51)
	at java.lang.Thread.run(Unknown Source)
2013.12.02 15:01:38 org.jivesoftware.openfire.nio.ConnectionHandler - ConnectionHandler reports unexpected exception for session: (SOCKET, R: /127.0.0.1:57398, L: /127.0.0.1:5222, S: 0.0.0.0/0.0.0.0:5222)
javax.xml.transform.TransformerException: java.lang.NullPointerException
	at com.sun.org.apache.xalan.internal.xsltc.trax.TransformerImpl.transform(Unknown Source)
	at com.sun.org.apache.xalan.internal.xsltc.trax.TransformerImpl.transform(Unknown Source)
	at cl.clayster.exi.EXIProcessor.decodeBytes(EXIProcessor.java:156)
	at cl.clayster.exi.EXIDecoderFilter.messageReceived(EXIDecoderFilter.java:50)
	at org.apache.mina.common.support.AbstractIoFilterChain.callNextMessageReceived(AbstractIoFilterChain.java:299)
	at org.apache.mina.common.support.AbstractIoFilterChain.access$1100(AbstractIoFilterChain.java:53)
	at org.apache.mina.common.support.AbstractIoFilterChain$EntryImpl$1.messageReceived(AbstractIoFilterChain.java:648)
	at org.apache.mina.common.IoFilterAdapter.messageReceived(IoFilterAdapter.java:80)
	at org.jivesoftware.openfire.plugin.RawPrintFilter.messageReceived(RawPrintFilter.java:66)
	at org.apache.mina.common.support.AbstractIoFilterChain.callNextMessageReceived(AbstractIoFilterChain.java:299)
	at org.apache.mina.common.support.AbstractIoFilterChain.access$1100(AbstractIoFilterChain.java:53)
	at org.apache.mina.common.support.AbstractIoFilterChain$EntryImpl$1.messageReceived(AbstractIoFilterChain.java:648)
	at org.apache.mina.filter.executor.ExecutorFilter.processEvent(ExecutorFilter.java:239)
	at org.apache.mina.filter.executor.ExecutorFilter$ProcessEventsRunnable.run(ExecutorFilter.java:283)
	at java.util.concurrent.ThreadPoolExecutor.runWorker(Unknown Source)
	at java.util.concurrent.ThreadPoolExecutor$Worker.run(Unknown Source)
	at org.apache.mina.util.NamePreservingRunnable.run(NamePreservingRunnable.java:51)
	at java.lang.Thread.run(Unknown Source)
Caused by: java.lang.NullPointerException
	at com.siemens.ct.exi.util.xml.QNameUtilities.getQualifiedName(QNameUtilities.java:79)
	at com.siemens.ct.exi.core.AbstractEXIBodyCoder$ElementContext.getQNameAsString(AbstractEXIBodyCoder.java:374)
	at com.siemens.ct.exi.core.EXIBodyDecoderInOrder.getElementQNameAsString(EXIBodyDecoderInOrder.java:157)
	at com.siemens.ct.exi.api.sax.SAXDecoder.handleDeferredStartElement(SAXDecoder.java:499)
	at com.siemens.ct.exi.api.sax.SAXDecoder.parseEXIEvents(SAXDecoder.java:290)
	at com.siemens.ct.exi.api.sax.SAXDecoder.parse(SAXDecoder.java:254)
	at com.sun.org.apache.xalan.internal.xsltc.trax.TransformerImpl.transformIdentity(Unknown Source)
	... 18 more
---------
java.lang.NullPointerException
	at com.siemens.ct.exi.util.xml.QNameUtilities.getQualifiedName(QNameUtilities.java:79)
	at com.siemens.ct.exi.core.AbstractEXIBodyCoder$ElementContext.getQNameAsString(AbstractEXIBodyCoder.java:374)
	at com.siemens.ct.exi.core.EXIBodyDecoderInOrder.getElementQNameAsString(EXIBodyDecoderInOrder.java:157)
	at com.siemens.ct.exi.api.sax.SAXDecoder.handleDeferredStartElement(SAXDecoder.java:499)
	at com.siemens.ct.exi.api.sax.SAXDecoder.parseEXIEvents(SAXDecoder.java:290)
	at com.siemens.ct.exi.api.sax.SAXDecoder.parse(SAXDecoder.java:254)
	at com.sun.org.apache.xalan.internal.xsltc.trax.TransformerImpl.transformIdentity(Unknown Source)
	at com.sun.org.apache.xalan.internal.xsltc.trax.TransformerImpl.transform(Unknown Source)
	at com.sun.org.apache.xalan.internal.xsltc.trax.TransformerImpl.transform(Unknown Source)
	at cl.clayster.exi.EXIProcessor.decodeBytes(EXIProcessor.java:156)
	at cl.clayster.exi.EXIDecoderFilter.messageReceived(EXIDecoderFilter.java:50)
	at org.apache.mina.common.support.AbstractIoFilterChain.callNextMessageReceived(AbstractIoFilterChain.java:299)
	at org.apache.mina.common.support.AbstractIoFilterChain.access$1100(AbstractIoFilterChain.java:53)
	at org.apache.mina.common.support.AbstractIoFilterChain$EntryImpl$1.messageReceived(AbstractIoFilterChain.java:648)
	at org.apache.mina.common.IoFilterAdapter.messageReceived(IoFilterAdapter.java:80)
	at org.jivesoftware.openfire.plugin.RawPrintFilter.messageReceived(RawPrintFilter.java:66)
	at org.apache.mina.common.support.AbstractIoFilterChain.callNextMessageReceived(AbstractIoFilterChain.java:299)
	at org.apache.mina.common.support.AbstractIoFilterChain.access$1100(AbstractIoFilterChain.java:53)
	at org.apache.mina.common.support.AbstractIoFilterChain$EntryImpl$1.messageReceived(AbstractIoFilterChain.java:648)
	at org.apache.mina.filter.executor.ExecutorFilter.processEvent(ExecutorFilter.java:239)
	at org.apache.mina.filter.executor.ExecutorFilter$ProcessEventsRunnable.run(ExecutorFilter.java:283)
	at java.util.concurrent.ThreadPoolExecutor.runWorker(Unknown Source)
	at java.util.concurrent.ThreadPoolExecutor$Worker.run(Unknown Source)
	at org.apache.mina.util.NamePreservingRunnable.run(NamePreservingRunnable.java:51)
	at java.lang.Thread.run(Unknown Source)
2013.12.02 15:03:20 org.jivesoftware.openfire.nio.ConnectionHandler - ConnectionHandler reports unexpected exception for session: (SOCKET, R: /127.0.0.1:57423, L: /127.0.0.1:5222, S: 0.0.0.0/0.0.0.0:5222)
java.lang.Exception: <setup> PROCESSED!!!!!
	at cl.clayster.exi.EXIFilter.messageReceived(EXIFilter.java:102)
	at org.apache.mina.common.support.AbstractIoFilterChain.callNextMessageReceived(AbstractIoFilterChain.java:299)
	at org.apache.mina.common.support.AbstractIoFilterChain.access$1100(AbstractIoFilterChain.java:53)
	at org.apache.mina.common.support.AbstractIoFilterChain$EntryImpl$1.messageReceived(AbstractIoFilterChain.java:648)
	at org.apache.mina.common.IoFilterAdapter.messageReceived(IoFilterAdapter.java:80)
	at org.apache.mina.common.support.AbstractIoFilterChain.callNextMessageReceived(AbstractIoFilterChain.java:299)
	at org.apache.mina.common.support.AbstractIoFilterChain.access$1100(AbstractIoFilterChain.java:53)
	at org.apache.mina.common.support.AbstractIoFilterChain$EntryImpl$1.messageReceived(AbstractIoFilterChain.java:648)
	at org.apache.mina.filter.codec.support.SimpleProtocolDecoderOutput.flush(SimpleProtocolDecoderOutput.java:58)
	at org.apache.mina.filter.codec.ProtocolCodecFilter.messageReceived(ProtocolCodecFilter.java:185)
	at org.apache.mina.common.support.AbstractIoFilterChain.callNextMessageReceived(AbstractIoFilterChain.java:299)
	at org.apache.mina.common.support.AbstractIoFilterChain.access$1100(AbstractIoFilterChain.java:53)
	at org.apache.mina.common.support.AbstractIoFilterChain$EntryImpl$1.messageReceived(AbstractIoFilterChain.java:648)
	at org.apache.mina.common.IoFilterAdapter.messageReceived(IoFilterAdapter.java:80)
	at org.jivesoftware.openfire.plugin.RawPrintFilter.messageReceived(RawPrintFilter.java:66)
	at org.apache.mina.common.support.AbstractIoFilterChain.callNextMessageReceived(AbstractIoFilterChain.java:299)
	at org.apache.mina.common.support.AbstractIoFilterChain.access$1100(AbstractIoFilterChain.java:53)
	at org.apache.mina.common.support.AbstractIoFilterChain$EntryImpl$1.messageReceived(AbstractIoFilterChain.java:648)
	at org.apache.mina.filter.executor.ExecutorFilter.processEvent(ExecutorFilter.java:239)
	at org.apache.mina.filter.executor.ExecutorFilter$ProcessEventsRunnable.run(ExecutorFilter.java:283)
	at java.util.concurrent.ThreadPoolExecutor.runWorker(Unknown Source)
	at java.util.concurrent.ThreadPoolExecutor$Worker.run(Unknown Source)
	at org.apache.mina.util.NamePreservingRunnable.run(NamePreservingRunnable.java:51)
	at java.lang.Thread.run(Unknown Source)
2013.12.02 15:03:23 org.jivesoftware.openfire.nio.ConnectionHandler - ConnectionHandler reports unexpected exception for session: (SOCKET, R: /127.0.0.1:57423, L: /127.0.0.1:5222, S: 0.0.0.0/0.0.0.0:5222)
java.lang.Exception: <compress> PROCESSED!!!!!
	at cl.clayster.exi.EXIFilter.messageReceived(EXIFilter.java:115)
	at org.apache.mina.common.support.AbstractIoFilterChain.callNextMessageReceived(AbstractIoFilterChain.java:299)
	at org.apache.mina.common.support.AbstractIoFilterChain.access$1100(AbstractIoFilterChain.java:53)
	at org.apache.mina.common.support.AbstractIoFilterChain$EntryImpl$1.messageReceived(AbstractIoFilterChain.java:648)
	at org.apache.mina.common.IoFilterAdapter.messageReceived(IoFilterAdapter.java:80)
	at org.apache.mina.common.support.AbstractIoFilterChain.callNextMessageReceived(AbstractIoFilterChain.java:299)
	at org.apache.mina.common.support.AbstractIoFilterChain.access$1100(AbstractIoFilterChain.java:53)
	at org.apache.mina.common.support.AbstractIoFilterChain$EntryImpl$1.messageReceived(AbstractIoFilterChain.java:648)
	at org.apache.mina.filter.codec.support.SimpleProtocolDecoderOutput.flush(SimpleProtocolDecoderOutput.java:58)
	at org.apache.mina.filter.codec.ProtocolCodecFilter.messageReceived(ProtocolCodecFilter.java:185)
	at org.apache.mina.common.support.AbstractIoFilterChain.callNextMessageReceived(AbstractIoFilterChain.java:299)
	at org.apache.mina.common.support.AbstractIoFilterChain.access$1100(AbstractIoFilterChain.java:53)
	at org.apache.mina.common.support.AbstractIoFilterChain$EntryImpl$1.messageReceived(AbstractIoFilterChain.java:648)
	at org.apache.mina.common.IoFilterAdapter.messageReceived(IoFilterAdapter.java:80)
	at org.jivesoftware.openfire.plugin.RawPrintFilter.messageReceived(RawPrintFilter.java:66)
	at org.apache.mina.common.support.AbstractIoFilterChain.callNextMessageReceived(AbstractIoFilterChain.java:299)
	at org.apache.mina.common.support.AbstractIoFilterChain.access$1100(AbstractIoFilterChain.java:53)
	at org.apache.mina.common.support.AbstractIoFilterChain$EntryImpl$1.messageReceived(AbstractIoFilterChain.java:648)
	at org.apache.mina.filter.executor.ExecutorFilter.processEvent(ExecutorFilter.java:239)
	at org.apache.mina.filter.executor.ExecutorFilter$ProcessEventsRunnable.run(ExecutorFilter.java:283)
	at java.util.concurrent.ThreadPoolExecutor.runWorker(Unknown Source)
	at java.util.concurrent.ThreadPoolExecutor$Worker.run(Unknown Source)
	at org.apache.mina.util.NamePreservingRunnable.run(NamePreservingRunnable.java:51)
	at java.lang.Thread.run(Unknown Source)
2013.12.02 15:03:23 org.jivesoftware.openfire.nio.ConnectionHandler - ConnectionHandler reports unexpected exception for session: (SOCKET, R: /127.0.0.1:57423, L: /127.0.0.1:5222, S: 0.0.0.0/0.0.0.0:5222)
java.lang.Exception: <exi:streamStart> PROCESSED!!!!!
	at cl.clayster.exi.EXIDecoderFilter.messageReceived(EXIDecoderFilter.java:55)
	at org.apache.mina.common.support.AbstractIoFilterChain.callNextMessageReceived(AbstractIoFilterChain.java:299)
	at org.apache.mina.common.support.AbstractIoFilterChain.access$1100(AbstractIoFilterChain.java:53)
	at org.apache.mina.common.support.AbstractIoFilterChain$EntryImpl$1.messageReceived(AbstractIoFilterChain.java:648)
	at org.apache.mina.common.IoFilterAdapter.messageReceived(IoFilterAdapter.java:80)
	at org.jivesoftware.openfire.plugin.RawPrintFilter.messageReceived(RawPrintFilter.java:66)
	at org.apache.mina.common.support.AbstractIoFilterChain.callNextMessageReceived(AbstractIoFilterChain.java:299)
	at org.apache.mina.common.support.AbstractIoFilterChain.access$1100(AbstractIoFilterChain.java:53)
	at org.apache.mina.common.support.AbstractIoFilterChain$EntryImpl$1.messageReceived(AbstractIoFilterChain.java:648)
	at org.apache.mina.filter.executor.ExecutorFilter.processEvent(ExecutorFilter.java:239)
	at org.apache.mina.filter.executor.ExecutorFilter$ProcessEventsRunnable.run(ExecutorFilter.java:283)
	at java.util.concurrent.ThreadPoolExecutor.runWorker(Unknown Source)
	at java.util.concurrent.ThreadPoolExecutor$Worker.run(Unknown Source)
	at org.apache.mina.util.NamePreservingRunnable.run(NamePreservingRunnable.java:51)
	at java.lang.Thread.run(Unknown Source)
2013.12.02 15:03:34 org.jivesoftware.openfire.nio.ConnectionHandler - ConnectionHandler reports unexpected exception for session: (SOCKET, R: /127.0.0.1:57423, L: /127.0.0.1:5222, S: 0.0.0.0/0.0.0.0:5222)
javax.xml.transform.TransformerException: java.lang.NullPointerException
	at com.sun.org.apache.xalan.internal.xsltc.trax.TransformerImpl.transform(Unknown Source)
	at com.sun.org.apache.xalan.internal.xsltc.trax.TransformerImpl.transform(Unknown Source)
	at cl.clayster.exi.EXIProcessor.decodeBytes(EXIProcessor.java:156)
	at cl.clayster.exi.EXIDecoderFilter.messageReceived(EXIDecoderFilter.java:52)
	at org.apache.mina.common.support.AbstractIoFilterChain.callNextMessageReceived(AbstractIoFilterChain.java:299)
	at org.apache.mina.common.support.AbstractIoFilterChain.access$1100(AbstractIoFilterChain.java:53)
	at org.apache.mina.common.support.AbstractIoFilterChain$EntryImpl$1.messageReceived(AbstractIoFilterChain.java:648)
	at org.apache.mina.common.IoFilterAdapter.messageReceived(IoFilterAdapter.java:80)
	at org.jivesoftware.openfire.plugin.RawPrintFilter.messageReceived(RawPrintFilter.java:66)
	at org.apache.mina.common.support.AbstractIoFilterChain.callNextMessageReceived(AbstractIoFilterChain.java:299)
	at org.apache.mina.common.support.AbstractIoFilterChain.access$1100(AbstractIoFilterChain.java:53)
	at org.apache.mina.common.support.AbstractIoFilterChain$EntryImpl$1.messageReceived(AbstractIoFilterChain.java:648)
	at org.apache.mina.filter.executor.ExecutorFilter.processEvent(ExecutorFilter.java:239)
	at org.apache.mina.filter.executor.ExecutorFilter$ProcessEventsRunnable.run(ExecutorFilter.java:283)
	at java.util.concurrent.ThreadPoolExecutor.runWorker(Unknown Source)
	at java.util.concurrent.ThreadPoolExecutor$Worker.run(Unknown Source)
	at org.apache.mina.util.NamePreservingRunnable.run(NamePreservingRunnable.java:51)
	at java.lang.Thread.run(Unknown Source)
Caused by: java.lang.NullPointerException
	at com.siemens.ct.exi.util.xml.QNameUtilities.getQualifiedName(QNameUtilities.java:79)
	at com.siemens.ct.exi.core.AbstractEXIBodyCoder$ElementContext.getQNameAsString(AbstractEXIBodyCoder.java:374)
	at com.siemens.ct.exi.core.EXIBodyDecoderInOrder.getElementQNameAsString(EXIBodyDecoderInOrder.java:157)
	at com.siemens.ct.exi.api.sax.SAXDecoder.handleDeferredStartElement(SAXDecoder.java:499)
	at com.siemens.ct.exi.api.sax.SAXDecoder.parseEXIEvents(SAXDecoder.java:290)
	at com.siemens.ct.exi.api.sax.SAXDecoder.parse(SAXDecoder.java:254)
	at com.sun.org.apache.xalan.internal.xsltc.trax.TransformerImpl.transformIdentity(Unknown Source)
	... 18 more
---------
java.lang.NullPointerException
	at com.siemens.ct.exi.util.xml.QNameUtilities.getQualifiedName(QNameUtilities.java:79)
	at com.siemens.ct.exi.core.AbstractEXIBodyCoder$ElementContext.getQNameAsString(AbstractEXIBodyCoder.java:374)
	at com.siemens.ct.exi.core.EXIBodyDecoderInOrder.getElementQNameAsString(EXIBodyDecoderInOrder.java:157)
	at com.siemens.ct.exi.api.sax.SAXDecoder.handleDeferredStartElement(SAXDecoder.java:499)
	at com.siemens.ct.exi.api.sax.SAXDecoder.parseEXIEvents(SAXDecoder.java:290)
	at com.siemens.ct.exi.api.sax.SAXDecoder.parse(SAXDecoder.java:254)
	at com.sun.org.apache.xalan.internal.xsltc.trax.TransformerImpl.transformIdentity(Unknown Source)
	at com.sun.org.apache.xalan.internal.xsltc.trax.TransformerImpl.transform(Unknown Source)
	at com.sun.org.apache.xalan.internal.xsltc.trax.TransformerImpl.transform(Unknown Source)
	at cl.clayster.exi.EXIProcessor.decodeBytes(EXIProcessor.java:156)
	at cl.clayster.exi.EXIDecoderFilter.messageReceived(EXIDecoderFilter.java:52)
	at org.apache.mina.common.support.AbstractIoFilterChain.callNextMessageReceived(AbstractIoFilterChain.java:299)
	at org.apache.mina.common.support.AbstractIoFilterChain.access$1100(AbstractIoFilterChain.java:53)
	at org.apache.mina.common.support.AbstractIoFilterChain$EntryImpl$1.messageReceived(AbstractIoFilterChain.java:648)
	at org.apache.mina.common.IoFilterAdapter.messageReceived(IoFilterAdapter.java:80)
	at org.jivesoftware.openfire.plugin.RawPrintFilter.messageReceived(RawPrintFilter.java:66)
	at org.apache.mina.common.support.AbstractIoFilterChain.callNextMessageReceived(AbstractIoFilterChain.java:299)
	at org.apache.mina.common.support.AbstractIoFilterChain.access$1100(AbstractIoFilterChain.java:53)
	at org.apache.mina.common.support.AbstractIoFilterChain$EntryImpl$1.messageReceived(AbstractIoFilterChain.java:648)
	at org.apache.mina.filter.executor.ExecutorFilter.processEvent(ExecutorFilter.java:239)
	at org.apache.mina.filter.executor.ExecutorFilter$ProcessEventsRunnable.run(ExecutorFilter.java:283)
	at java.util.concurrent.ThreadPoolExecutor.runWorker(Unknown Source)
	at java.util.concurrent.ThreadPoolExecutor$Worker.run(Unknown Source)
	at org.apache.mina.util.NamePreservingRunnable.run(NamePreservingRunnable.java:51)
	at java.lang.Thread.run(Unknown Source)
2013.12.02 15:05:23 org.jivesoftware.openfire.nio.ConnectionHandler - ConnectionHandler reports unexpected exception for session: (SOCKET, R: /127.0.0.1:57449, L: /127.0.0.1:5222, S: 0.0.0.0/0.0.0.0:5222)
java.lang.Exception: <setup> PROCESSED!!!!!
	at cl.clayster.exi.EXIFilter.messageReceived(EXIFilter.java:102)
	at org.apache.mina.common.support.AbstractIoFilterChain.callNextMessageReceived(AbstractIoFilterChain.java:299)
	at org.apache.mina.common.support.AbstractIoFilterChain.access$1100(AbstractIoFilterChain.java:53)
	at org.apache.mina.common.support.AbstractIoFilterChain$EntryImpl$1.messageReceived(AbstractIoFilterChain.java:648)
	at org.apache.mina.common.IoFilterAdapter.messageReceived(IoFilterAdapter.java:80)
	at org.apache.mina.common.support.AbstractIoFilterChain.callNextMessageReceived(AbstractIoFilterChain.java:299)
	at org.apache.mina.common.support.AbstractIoFilterChain.access$1100(AbstractIoFilterChain.java:53)
	at org.apache.mina.common.support.AbstractIoFilterChain$EntryImpl$1.messageReceived(AbstractIoFilterChain.java:648)
	at org.apache.mina.filter.codec.support.SimpleProtocolDecoderOutput.flush(SimpleProtocolDecoderOutput.java:58)
	at org.apache.mina.filter.codec.ProtocolCodecFilter.messageReceived(ProtocolCodecFilter.java:185)
	at org.apache.mina.common.support.AbstractIoFilterChain.callNextMessageReceived(AbstractIoFilterChain.java:299)
	at org.apache.mina.common.support.AbstractIoFilterChain.access$1100(AbstractIoFilterChain.java:53)
	at org.apache.mina.common.support.AbstractIoFilterChain$EntryImpl$1.messageReceived(AbstractIoFilterChain.java:648)
	at org.apache.mina.common.IoFilterAdapter.messageReceived(IoFilterAdapter.java:80)
	at org.jivesoftware.openfire.plugin.RawPrintFilter.messageReceived(RawPrintFilter.java:66)
	at org.apache.mina.common.support.AbstractIoFilterChain.callNextMessageReceived(AbstractIoFilterChain.java:299)
	at org.apache.mina.common.support.AbstractIoFilterChain.access$1100(AbstractIoFilterChain.java:53)
	at org.apache.mina.common.support.AbstractIoFilterChain$EntryImpl$1.messageReceived(AbstractIoFilterChain.java:648)
	at org.apache.mina.filter.executor.ExecutorFilter.processEvent(ExecutorFilter.java:239)
	at org.apache.mina.filter.executor.ExecutorFilter$ProcessEventsRunnable.run(ExecutorFilter.java:283)
	at java.util.concurrent.ThreadPoolExecutor.runWorker(Unknown Source)
	at java.util.concurrent.ThreadPoolExecutor$Worker.run(Unknown Source)
	at org.apache.mina.util.NamePreservingRunnable.run(NamePreservingRunnable.java:51)
	at java.lang.Thread.run(Unknown Source)
2013.12.02 15:05:23 org.jivesoftware.openfire.nio.ConnectionHandler - ConnectionHandler reports unexpected exception for session: (SOCKET, R: /127.0.0.1:57449, L: /127.0.0.1:5222, S: 0.0.0.0/0.0.0.0:5222)
java.lang.Exception: <compress> PROCESSED!!!!!
	at cl.clayster.exi.EXIFilter.messageReceived(EXIFilter.java:115)
	at org.apache.mina.common.support.AbstractIoFilterChain.callNextMessageReceived(AbstractIoFilterChain.java:299)
	at org.apache.mina.common.support.AbstractIoFilterChain.access$1100(AbstractIoFilterChain.java:53)
	at org.apache.mina.common.support.AbstractIoFilterChain$EntryImpl$1.messageReceived(AbstractIoFilterChain.java:648)
	at org.apache.mina.common.IoFilterAdapter.messageReceived(IoFilterAdapter.java:80)
	at org.apache.mina.common.support.AbstractIoFilterChain.callNextMessageReceived(AbstractIoFilterChain.java:299)
	at org.apache.mina.common.support.AbstractIoFilterChain.access$1100(AbstractIoFilterChain.java:53)
	at org.apache.mina.common.support.AbstractIoFilterChain$EntryImpl$1.messageReceived(AbstractIoFilterChain.java:648)
	at org.apache.mina.filter.codec.support.SimpleProtocolDecoderOutput.flush(SimpleProtocolDecoderOutput.java:58)
	at org.apache.mina.filter.codec.ProtocolCodecFilter.messageReceived(ProtocolCodecFilter.java:185)
	at org.apache.mina.common.support.AbstractIoFilterChain.callNextMessageReceived(AbstractIoFilterChain.java:299)
	at org.apache.mina.common.support.AbstractIoFilterChain.access$1100(AbstractIoFilterChain.java:53)
	at org.apache.mina.common.support.AbstractIoFilterChain$EntryImpl$1.messageReceived(AbstractIoFilterChain.java:648)
	at org.apache.mina.common.IoFilterAdapter.messageReceived(IoFilterAdapter.java:80)
	at org.jivesoftware.openfire.plugin.RawPrintFilter.messageReceived(RawPrintFilter.java:66)
	at org.apache.mina.common.support.AbstractIoFilterChain.callNextMessageReceived(AbstractIoFilterChain.java:299)
	at org.apache.mina.common.support.AbstractIoFilterChain.access$1100(AbstractIoFilterChain.java:53)
	at org.apache.mina.common.support.AbstractIoFilterChain$EntryImpl$1.messageReceived(AbstractIoFilterChain.java:648)
	at org.apache.mina.filter.executor.ExecutorFilter.processEvent(ExecutorFilter.java:239)
	at org.apache.mina.filter.executor.ExecutorFilter$ProcessEventsRunnable.run(ExecutorFilter.java:283)
	at java.util.concurrent.ThreadPoolExecutor.runWorker(Unknown Source)
	at java.util.concurrent.ThreadPoolExecutor$Worker.run(Unknown Source)
	at org.apache.mina.util.NamePreservingRunnable.run(NamePreservingRunnable.java:51)
	at java.lang.Thread.run(Unknown Source)
2013.12.02 15:05:23 org.jivesoftware.openfire.nio.ConnectionHandler - ConnectionHandler reports unexpected exception for session: (SOCKET, R: /127.0.0.1:57449, L: /127.0.0.1:5222, S: 0.0.0.0/0.0.0.0:5222)
java.lang.Exception: <exi:streamStart> PROCESSED!!!!!
	at cl.clayster.exi.EXIDecoderFilter.messageReceived(EXIDecoderFilter.java:55)
	at org.apache.mina.common.support.AbstractIoFilterChain.callNextMessageReceived(AbstractIoFilterChain.java:299)
	at org.apache.mina.common.support.AbstractIoFilterChain.access$1100(AbstractIoFilterChain.java:53)
	at org.apache.mina.common.support.AbstractIoFilterChain$EntryImpl$1.messageReceived(AbstractIoFilterChain.java:648)
	at org.apache.mina.common.IoFilterAdapter.messageReceived(IoFilterAdapter.java:80)
	at org.jivesoftware.openfire.plugin.RawPrintFilter.messageReceived(RawPrintFilter.java:66)
	at org.apache.mina.common.support.AbstractIoFilterChain.callNextMessageReceived(AbstractIoFilterChain.java:299)
	at org.apache.mina.common.support.AbstractIoFilterChain.access$1100(AbstractIoFilterChain.java:53)
	at org.apache.mina.common.support.AbstractIoFilterChain$EntryImpl$1.messageReceived(AbstractIoFilterChain.java:648)
	at org.apache.mina.filter.executor.ExecutorFilter.processEvent(ExecutorFilter.java:239)
	at org.apache.mina.filter.executor.ExecutorFilter$ProcessEventsRunnable.run(ExecutorFilter.java:283)
	at java.util.concurrent.ThreadPoolExecutor.runWorker(Unknown Source)
	at java.util.concurrent.ThreadPoolExecutor$Worker.run(Unknown Source)
	at org.apache.mina.util.NamePreservingRunnable.run(NamePreservingRunnable.java:51)
	at java.lang.Thread.run(Unknown Source)
2013.12.02 15:05:36 org.jivesoftware.openfire.nio.ConnectionHandler - ConnectionHandler reports unexpected exception for session: (SOCKET, R: /127.0.0.1:57449, L: /127.0.0.1:5222, S: 0.0.0.0/0.0.0.0:5222)
java.lang.NullPointerException
	at cl.clayster.exi.EXIDecoderFilter.messageReceived(EXIDecoderFilter.java:54)
	at org.apache.mina.common.support.AbstractIoFilterChain.callNextMessageReceived(AbstractIoFilterChain.java:299)
	at org.apache.mina.common.support.AbstractIoFilterChain.access$1100(AbstractIoFilterChain.java:53)
	at org.apache.mina.common.support.AbstractIoFilterChain$EntryImpl$1.messageReceived(AbstractIoFilterChain.java:648)
	at org.apache.mina.common.IoFilterAdapter.messageReceived(IoFilterAdapter.java:80)
	at org.jivesoftware.openfire.plugin.RawPrintFilter.messageReceived(RawPrintFilter.java:66)
	at org.apache.mina.common.support.AbstractIoFilterChain.callNextMessageReceived(AbstractIoFilterChain.java:299)
	at org.apache.mina.common.support.AbstractIoFilterChain.access$1100(AbstractIoFilterChain.java:53)
	at org.apache.mina.common.support.AbstractIoFilterChain$EntryImpl$1.messageReceived(AbstractIoFilterChain.java:648)
	at org.apache.mina.filter.executor.ExecutorFilter.processEvent(ExecutorFilter.java:239)
	at org.apache.mina.filter.executor.ExecutorFilter$ProcessEventsRunnable.run(ExecutorFilter.java:283)
	at java.util.concurrent.ThreadPoolExecutor.runWorker(Unknown Source)
	at java.util.concurrent.ThreadPoolExecutor$Worker.run(Unknown Source)
	at org.apache.mina.util.NamePreservingRunnable.run(NamePreservingRunnable.java:51)
	at java.lang.Thread.run(Unknown Source)
2013.12.02 15:07:14 org.jivesoftware.openfire.nio.ConnectionHandler - ConnectionHandler reports unexpected exception for session: (SOCKET, R: /127.0.0.1:57474, L: /127.0.0.1:5222, S: 0.0.0.0/0.0.0.0:5222)
java.lang.Exception: <setup> PROCESSED!!!!!
	at cl.clayster.exi.EXIFilter.messageReceived(EXIFilter.java:102)
	at org.apache.mina.common.support.AbstractIoFilterChain.callNextMessageReceived(AbstractIoFilterChain.java:299)
	at org.apache.mina.common.support.AbstractIoFilterChain.access$1100(AbstractIoFilterChain.java:53)
	at org.apache.mina.common.support.AbstractIoFilterChain$EntryImpl$1.messageReceived(AbstractIoFilterChain.java:648)
	at org.apache.mina.common.IoFilterAdapter.messageReceived(IoFilterAdapter.java:80)
	at org.apache.mina.common.support.AbstractIoFilterChain.callNextMessageReceived(AbstractIoFilterChain.java:299)
	at org.apache.mina.common.support.AbstractIoFilterChain.access$1100(AbstractIoFilterChain.java:53)
	at org.apache.mina.common.support.AbstractIoFilterChain$EntryImpl$1.messageReceived(AbstractIoFilterChain.java:648)
	at org.apache.mina.filter.codec.support.SimpleProtocolDecoderOutput.flush(SimpleProtocolDecoderOutput.java:58)
	at org.apache.mina.filter.codec.ProtocolCodecFilter.messageReceived(ProtocolCodecFilter.java:185)
	at org.apache.mina.common.support.AbstractIoFilterChain.callNextMessageReceived(AbstractIoFilterChain.java:299)
	at org.apache.mina.common.support.AbstractIoFilterChain.access$1100(AbstractIoFilterChain.java:53)
	at org.apache.mina.common.support.AbstractIoFilterChain$EntryImpl$1.messageReceived(AbstractIoFilterChain.java:648)
	at org.apache.mina.common.IoFilterAdapter.messageReceived(IoFilterAdapter.java:80)
	at org.jivesoftware.openfire.plugin.RawPrintFilter.messageReceived(RawPrintFilter.java:66)
	at org.apache.mina.common.support.AbstractIoFilterChain.callNextMessageReceived(AbstractIoFilterChain.java:299)
	at org.apache.mina.common.support.AbstractIoFilterChain.access$1100(AbstractIoFilterChain.java:53)
	at org.apache.mina.common.support.AbstractIoFilterChain$EntryImpl$1.messageReceived(AbstractIoFilterChain.java:648)
	at org.apache.mina.filter.executor.ExecutorFilter.processEvent(ExecutorFilter.java:239)
	at org.apache.mina.filter.executor.ExecutorFilter$ProcessEventsRunnable.run(ExecutorFilter.java:283)
	at java.util.concurrent.ThreadPoolExecutor.runWorker(Unknown Source)
	at java.util.concurrent.ThreadPoolExecutor$Worker.run(Unknown Source)
	at org.apache.mina.util.NamePreservingRunnable.run(NamePreservingRunnable.java:51)
	at java.lang.Thread.run(Unknown Source)
2013.12.02 15:07:15 org.jivesoftware.openfire.nio.ConnectionHandler - ConnectionHandler reports unexpected exception for session: (SOCKET, R: /127.0.0.1:57474, L: /127.0.0.1:5222, S: 0.0.0.0/0.0.0.0:5222)
java.lang.Exception: <compress> PROCESSED!!!!!
	at cl.clayster.exi.EXIFilter.messageReceived(EXIFilter.java:115)
	at org.apache.mina.common.support.AbstractIoFilterChain.callNextMessageReceived(AbstractIoFilterChain.java:299)
	at org.apache.mina.common.support.AbstractIoFilterChain.access$1100(AbstractIoFilterChain.java:53)
	at org.apache.mina.common.support.AbstractIoFilterChain$EntryImpl$1.messageReceived(AbstractIoFilterChain.java:648)
	at org.apache.mina.common.IoFilterAdapter.messageReceived(IoFilterAdapter.java:80)
	at org.apache.mina.common.support.AbstractIoFilterChain.callNextMessageReceived(AbstractIoFilterChain.java:299)
	at org.apache.mina.common.support.AbstractIoFilterChain.access$1100(AbstractIoFilterChain.java:53)
	at org.apache.mina.common.support.AbstractIoFilterChain$EntryImpl$1.messageReceived(AbstractIoFilterChain.java:648)
	at org.apache.mina.filter.codec.support.SimpleProtocolDecoderOutput.flush(SimpleProtocolDecoderOutput.java:58)
	at org.apache.mina.filter.codec.ProtocolCodecFilter.messageReceived(ProtocolCodecFilter.java:185)
	at org.apache.mina.common.support.AbstractIoFilterChain.callNextMessageReceived(AbstractIoFilterChain.java:299)
	at org.apache.mina.common.support.AbstractIoFilterChain.access$1100(AbstractIoFilterChain.java:53)
	at org.apache.mina.common.support.AbstractIoFilterChain$EntryImpl$1.messageReceived(AbstractIoFilterChain.java:648)
	at org.apache.mina.common.IoFilterAdapter.messageReceived(IoFilterAdapter.java:80)
	at org.jivesoftware.openfire.plugin.RawPrintFilter.messageReceived(RawPrintFilter.java:66)
	at org.apache.mina.common.support.AbstractIoFilterChain.callNextMessageReceived(AbstractIoFilterChain.java:299)
	at org.apache.mina.common.support.AbstractIoFilterChain.access$1100(AbstractIoFilterChain.java:53)
	at org.apache.mina.common.support.AbstractIoFilterChain$EntryImpl$1.messageReceived(AbstractIoFilterChain.java:648)
	at org.apache.mina.filter.executor.ExecutorFilter.processEvent(ExecutorFilter.java:239)
	at org.apache.mina.filter.executor.ExecutorFilter$ProcessEventsRunnable.run(ExecutorFilter.java:283)
	at java.util.concurrent.ThreadPoolExecutor.runWorker(Unknown Source)
	at java.util.concurrent.ThreadPoolExecutor$Worker.run(Unknown Source)
	at org.apache.mina.util.NamePreservingRunnable.run(NamePreservingRunnable.java:51)
	at java.lang.Thread.run(Unknown Source)
2013.12.02 15:09:42 org.jivesoftware.openfire.interceptor.InterceptorManager - Error in interceptor: cl.clayster.exi.EXIEncoderInterceptor@82794e3 while intercepting: 
<message id="AYgYq-21" to="smackuser@javier.placencio/Smack" from="javier@javier.placencio/Spark 2.6.3">
  <x xmlns="jabber:x:event">
    <delivered/>
    <id>F5gWj-8</id>
  </x>
</message>
java.nio.BufferUnderflowException
	at java.nio.Buffer.nextGetIndex(Unknown Source)
	at java.nio.HeapByteBuffer.get(Unknown Source)
	at org.apache.mina.common.support.BaseByteBuffer.get(BaseByteBuffer.java:177)
	at org.apache.mina.common.support.ByteBufferHexDumper.getHexdump(ByteBufferHexDumper.java:73)
	at org.apache.mina.common.ByteBuffer.getHexDump(ByteBuffer.java:892)
	at org.apache.mina.common.ByteBuffer.toString(ByteBuffer.java:562)
	at java.lang.String.valueOf(Unknown Source)
	at java.lang.StringBuilder.append(Unknown Source)
	at cl.clayster.exi.EXIEncoderInterceptor.interceptPacket(EXIEncoderInterceptor.java:41)
	at org.jivesoftware.openfire.interceptor.InterceptorManager.invokeInterceptors(InterceptorManager.java:239)
	at org.jivesoftware.openfire.session.LocalSession.process(LocalSession.java:280)
	at org.jivesoftware.openfire.spi.RoutingTableImpl.routeToLocalDomain(RoutingTableImpl.java:306)
	at org.jivesoftware.openfire.spi.RoutingTableImpl.routePacket(RoutingTableImpl.java:234)
	at org.jivesoftware.openfire.MessageRouter.route(MessageRouter.java:109)
	at org.jivesoftware.openfire.spi.PacketRouterImpl.route(PacketRouterImpl.java:80)
	at org.jivesoftware.openfire.net.StanzaHandler.processMessage(StanzaHandler.java:373)
	at org.jivesoftware.openfire.net.ClientStanzaHandler.processMessage(ClientStanzaHandler.java:107)
	at org.jivesoftware.openfire.net.StanzaHandler.process(StanzaHandler.java:227)
	at org.jivesoftware.openfire.net.StanzaHandler.process(StanzaHandler.java:194)
	at org.jivesoftware.openfire.nio.ConnectionHandler.messageReceived(ConnectionHandler.java:183)
	at org.apache.mina.common.support.AbstractIoFilterChain$TailFilter.messageReceived(AbstractIoFilterChain.java:570)
	at org.apache.mina.common.support.AbstractIoFilterChain.callNextMessageReceived(AbstractIoFilterChain.java:299)
	at org.apache.mina.common.support.AbstractIoFilterChain.access$1100(AbstractIoFilterChain.java:53)
	at org.apache.mina.common.support.AbstractIoFilterChain$EntryImpl$1.messageReceived(AbstractIoFilterChain.java:648)
	at org.apache.mina.common.IoFilterAdapter.messageReceived(IoFilterAdapter.java:80)
	at cl.clayster.exi.EXIFilter.messageReceived(EXIFilter.java:148)
	at org.apache.mina.common.support.AbstractIoFilterChain.callNextMessageReceived(AbstractIoFilterChain.java:299)
	at org.apache.mina.common.support.AbstractIoFilterChain.access$1100(AbstractIoFilterChain.java:53)
	at org.apache.mina.common.support.AbstractIoFilterChain$EntryImpl$1.messageReceived(AbstractIoFilterChain.java:648)
	at org.apache.mina.common.IoFilterAdapter.messageReceived(IoFilterAdapter.java:80)
	at org.apache.mina.common.support.AbstractIoFilterChain.callNextMessageReceived(AbstractIoFilterChain.java:299)
	at org.apache.mina.common.support.AbstractIoFilterChain.access$1100(AbstractIoFilterChain.java:53)
	at org.apache.mina.common.support.AbstractIoFilterChain$EntryImpl$1.messageReceived(AbstractIoFilterChain.java:648)
	at org.apache.mina.filter.codec.support.SimpleProtocolDecoderOutput.flush(SimpleProtocolDecoderOutput.java:58)
	at org.apache.mina.filter.codec.ProtocolCodecFilter.messageReceived(ProtocolCodecFilter.java:185)
	at org.apache.mina.common.support.AbstractIoFilterChain.callNextMessageReceived(AbstractIoFilterChain.java:299)
	at org.apache.mina.common.support.AbstractIoFilterChain.access$1100(AbstractIoFilterChain.java:53)
	at org.apache.mina.common.support.AbstractIoFilterChain$EntryImpl$1.messageReceived(AbstractIoFilterChain.java:648)
	at org.apache.mina.common.IoFilterAdapter.messageReceived(IoFilterAdapter.java:80)
	at org.jivesoftware.openfire.plugin.RawPrintFilter.messageReceived(RawPrintFilter.java:66)
	at org.apache.mina.common.support.AbstractIoFilterChain.callNextMessageReceived(AbstractIoFilterChain.java:299)
	at org.apache.mina.common.support.AbstractIoFilterChain.access$1100(AbstractIoFilterChain.java:53)
	at org.apache.mina.common.support.AbstractIoFilterChain$EntryImpl$1.messageReceived(AbstractIoFilterChain.java:648)
	at org.apache.mina.filter.executor.ExecutorFilter.processEvent(ExecutorFilter.java:239)
	at org.apache.mina.filter.executor.ExecutorFilter$ProcessEventsRunnable.run(ExecutorFilter.java:283)
	at java.util.concurrent.ThreadPoolExecutor.runWorker(Unknown Source)
	at java.util.concurrent.ThreadPoolExecutor$Worker.run(Unknown Source)
	at org.apache.mina.util.NamePreservingRunnable.run(NamePreservingRunnable.java:51)
	at java.lang.Thread.run(Unknown Source)
2013.12.02 15:09:43 org.jivesoftware.openfire.interceptor.InterceptorManager - Error in interceptor: cl.clayster.exi.EXIEncoderInterceptor@82794e3 while intercepting: 
<message id="AYgYq-24" to="smackuser@javier.placencio/Smack" from="javier@javier.placencio/Spark 2.6.3">
  <x xmlns="jabber:x:event">
    <displayed/>
    <id>h1N3z-8</id>
  </x>
</message>
java.nio.BufferUnderflowException
	at java.nio.Buffer.nextGetIndex(Unknown Source)
	at java.nio.HeapByteBuffer.get(Unknown Source)
	at org.apache.mina.common.support.BaseByteBuffer.get(BaseByteBuffer.java:177)
	at org.apache.mina.common.support.ByteBufferHexDumper.getHexdump(ByteBufferHexDumper.java:73)
	at org.apache.mina.common.ByteBuffer.getHexDump(ByteBuffer.java:892)
	at org.apache.mina.common.ByteBuffer.toString(ByteBuffer.java:562)
	at java.lang.String.valueOf(Unknown Source)
	at java.lang.StringBuilder.append(Unknown Source)
	at cl.clayster.exi.EXIEncoderInterceptor.interceptPacket(EXIEncoderInterceptor.java:41)
	at org.jivesoftware.openfire.interceptor.InterceptorManager.invokeInterceptors(InterceptorManager.java:239)
	at org.jivesoftware.openfire.session.LocalSession.process(LocalSession.java:280)
	at org.jivesoftware.openfire.spi.RoutingTableImpl.routeToLocalDomain(RoutingTableImpl.java:306)
	at org.jivesoftware.openfire.spi.RoutingTableImpl.routePacket(RoutingTableImpl.java:234)
	at org.jivesoftware.openfire.MessageRouter.route(MessageRouter.java:109)
	at org.jivesoftware.openfire.spi.PacketRouterImpl.route(PacketRouterImpl.java:80)
	at org.jivesoftware.openfire.net.StanzaHandler.processMessage(StanzaHandler.java:373)
	at org.jivesoftware.openfire.net.ClientStanzaHandler.processMessage(ClientStanzaHandler.java:107)
	at org.jivesoftware.openfire.net.StanzaHandler.process(StanzaHandler.java:227)
	at org.jivesoftware.openfire.net.StanzaHandler.process(StanzaHandler.java:194)
	at org.jivesoftware.openfire.nio.ConnectionHandler.messageReceived(ConnectionHandler.java:183)
	at org.apache.mina.common.support.AbstractIoFilterChain$TailFilter.messageReceived(AbstractIoFilterChain.java:570)
	at org.apache.mina.common.support.AbstractIoFilterChain.callNextMessageReceived(AbstractIoFilterChain.java:299)
	at org.apache.mina.common.support.AbstractIoFilterChain.access$1100(AbstractIoFilterChain.java:53)
	at org.apache.mina.common.support.AbstractIoFilterChain$EntryImpl$1.messageReceived(AbstractIoFilterChain.java:648)
	at org.apache.mina.common.IoFilterAdapter.messageReceived(IoFilterAdapter.java:80)
	at cl.clayster.exi.EXIFilter.messageReceived(EXIFilter.java:148)
	at org.apache.mina.common.support.AbstractIoFilterChain.callNextMessageReceived(AbstractIoFilterChain.java:299)
	at org.apache.mina.common.support.AbstractIoFilterChain.access$1100(AbstractIoFilterChain.java:53)
	at org.apache.mina.common.support.AbstractIoFilterChain$EntryImpl$1.messageReceived(AbstractIoFilterChain.java:648)
	at org.apache.mina.common.IoFilterAdapter.messageReceived(IoFilterAdapter.java:80)
	at org.apache.mina.common.support.AbstractIoFilterChain.callNextMessageReceived(AbstractIoFilterChain.java:299)
	at org.apache.mina.common.support.AbstractIoFilterChain.access$1100(AbstractIoFilterChain.java:53)
	at org.apache.mina.common.support.AbstractIoFilterChain$EntryImpl$1.messageReceived(AbstractIoFilterChain.java:648)
	at org.apache.mina.filter.codec.support.SimpleProtocolDecoderOutput.flush(SimpleProtocolDecoderOutput.java:58)
	at org.apache.mina.filter.codec.ProtocolCodecFilter.messageReceived(ProtocolCodecFilter.java:185)
	at org.apache.mina.common.support.AbstractIoFilterChain.callNextMessageReceived(AbstractIoFilterChain.java:299)
	at org.apache.mina.common.support.AbstractIoFilterChain.access$1100(AbstractIoFilterChain.java:53)
	at org.apache.mina.common.support.AbstractIoFilterChain$EntryImpl$1.messageReceived(AbstractIoFilterChain.java:648)
	at org.apache.mina.common.IoFilterAdapter.messageReceived(IoFilterAdapter.java:80)
	at org.jivesoftware.openfire.plugin.RawPrintFilter.messageReceived(RawPrintFilter.java:66)
	at org.apache.mina.common.support.AbstractIoFilterChain.callNextMessageReceived(AbstractIoFilterChain.java:299)
	at org.apache.mina.common.support.AbstractIoFilterChain.access$1100(AbstractIoFilterChain.java:53)
	at org.apache.mina.common.support.AbstractIoFilterChain$EntryImpl$1.messageReceived(AbstractIoFilterChain.java:648)
	at org.apache.mina.filter.executor.ExecutorFilter.processEvent(ExecutorFilter.java:239)
	at org.apache.mina.filter.executor.ExecutorFilter$ProcessEventsRunnable.run(ExecutorFilter.java:283)
	at java.util.concurrent.ThreadPoolExecutor.runWorker(Unknown Source)
	at java.util.concurrent.ThreadPoolExecutor$Worker.run(Unknown Source)
	at org.apache.mina.util.NamePreservingRunnable.run(NamePreservingRunnable.java:51)
	at java.lang.Thread.run(Unknown Source)
2013.12.02 15:09:43 org.jivesoftware.openfire.interceptor.InterceptorManager - Error in interceptor: cl.clayster.exi.EXIEncoderInterceptor@82794e3 while intercepting: 
<message id="AYgYq-30" to="smackuser@javier.placencio/Smack" from="javier@javier.placencio/Spark 2.6.3">
  <x xmlns="jabber:x:event">
    <displayed/>
    <id>oWB79-8</id>
  </x>
</message>
java.nio.BufferUnderflowException
	at java.nio.Buffer.nextGetIndex(Unknown Source)
	at java.nio.HeapByteBuffer.get(Unknown Source)
	at org.apache.mina.common.support.BaseByteBuffer.get(BaseByteBuffer.java:177)
	at org.apache.mina.common.support.ByteBufferHexDumper.getHexdump(ByteBufferHexDumper.java:73)
	at org.apache.mina.common.ByteBuffer.getHexDump(ByteBuffer.java:892)
	at org.apache.mina.common.ByteBuffer.toString(ByteBuffer.java:562)
	at java.lang.String.valueOf(Unknown Source)
	at java.lang.StringBuilder.append(Unknown Source)
	at cl.clayster.exi.EXIEncoderInterceptor.interceptPacket(EXIEncoderInterceptor.java:41)
	at org.jivesoftware.openfire.interceptor.InterceptorManager.invokeInterceptors(InterceptorManager.java:239)
	at org.jivesoftware.openfire.session.LocalSession.process(LocalSession.java:280)
	at org.jivesoftware.openfire.spi.RoutingTableImpl.routeToLocalDomain(RoutingTableImpl.java:306)
	at org.jivesoftware.openfire.spi.RoutingTableImpl.routePacket(RoutingTableImpl.java:234)
	at org.jivesoftware.openfire.MessageRouter.route(MessageRouter.java:109)
	at org.jivesoftware.openfire.spi.PacketRouterImpl.route(PacketRouterImpl.java:80)
	at org.jivesoftware.openfire.net.StanzaHandler.processMessage(StanzaHandler.java:373)
	at org.jivesoftware.openfire.net.ClientStanzaHandler.processMessage(ClientStanzaHandler.java:107)
	at org.jivesoftware.openfire.net.StanzaHandler.process(StanzaHandler.java:227)
	at org.jivesoftware.openfire.net.StanzaHandler.process(StanzaHandler.java:194)
	at org.jivesoftware.openfire.nio.ConnectionHandler.messageReceived(ConnectionHandler.java:183)
	at org.apache.mina.common.support.AbstractIoFilterChain$TailFilter.messageReceived(AbstractIoFilterChain.java:570)
	at org.apache.mina.common.support.AbstractIoFilterChain.callNextMessageReceived(AbstractIoFilterChain.java:299)
	at org.apache.mina.common.support.AbstractIoFilterChain.access$1100(AbstractIoFilterChain.java:53)
	at org.apache.mina.common.support.AbstractIoFilterChain$EntryImpl$1.messageReceived(AbstractIoFilterChain.java:648)
	at org.apache.mina.common.IoFilterAdapter.messageReceived(IoFilterAdapter.java:80)
	at cl.clayster.exi.EXIFilter.messageReceived(EXIFilter.java:148)
	at org.apache.mina.common.support.AbstractIoFilterChain.callNextMessageReceived(AbstractIoFilterChain.java:299)
	at org.apache.mina.common.support.AbstractIoFilterChain.access$1100(AbstractIoFilterChain.java:53)
	at org.apache.mina.common.support.AbstractIoFilterChain$EntryImpl$1.messageReceived(AbstractIoFilterChain.java:648)
	at org.apache.mina.common.IoFilterAdapter.messageReceived(IoFilterAdapter.java:80)
	at org.apache.mina.common.support.AbstractIoFilterChain.callNextMessageReceived(AbstractIoFilterChain.java:299)
	at org.apache.mina.common.support.AbstractIoFilterChain.access$1100(AbstractIoFilterChain.java:53)
	at org.apache.mina.common.support.AbstractIoFilterChain$EntryImpl$1.messageReceived(AbstractIoFilterChain.java:648)
	at org.apache.mina.filter.codec.support.SimpleProtocolDecoderOutput.flush(SimpleProtocolDecoderOutput.java:58)
	at org.apache.mina.filter.codec.ProtocolCodecFilter.messageReceived(ProtocolCodecFilter.java:185)
	at org.apache.mina.common.support.AbstractIoFilterChain.callNextMessageReceived(AbstractIoFilterChain.java:299)
	at org.apache.mina.common.support.AbstractIoFilterChain.access$1100(AbstractIoFilterChain.java:53)
	at org.apache.mina.common.support.AbstractIoFilterChain$EntryImpl$1.messageReceived(AbstractIoFilterChain.java:648)
	at org.apache.mina.common.IoFilterAdapter.messageReceived(IoFilterAdapter.java:80)
	at org.jivesoftware.openfire.plugin.RawPrintFilter.messageReceived(RawPrintFilter.java:66)
	at org.apache.mina.common.support.AbstractIoFilterChain.callNextMessageReceived(AbstractIoFilterChain.java:299)
	at org.apache.mina.common.support.AbstractIoFilterChain.access$1100(AbstractIoFilterChain.java:53)
	at org.apache.mina.common.support.AbstractIoFilterChain$EntryImpl$1.messageReceived(AbstractIoFilterChain.java:648)
	at org.apache.mina.filter.executor.ExecutorFilter.processEvent(ExecutorFilter.java:239)
	at org.apache.mina.filter.executor.ExecutorFilter$ProcessEventsRunnable.run(ExecutorFilter.java:283)
	at java.util.concurrent.ThreadPoolExecutor.runWorker(Unknown Source)
	at java.util.concurrent.ThreadPoolExecutor$Worker.run(Unknown Source)
	at org.apache.mina.util.NamePreservingRunnable.run(NamePreservingRunnable.java:51)
	at java.lang.Thread.run(Unknown Source)
2013.12.02 15:09:43 org.jivesoftware.openfire.interceptor.InterceptorManager - Error in interceptor: cl.clayster.exi.EXIEncoderInterceptor@82794e3 while intercepting: 
<message id="AYgYq-40" to="smackuser@javier.placencio/Smack" from="javier@javier.placencio/Spark 2.6.3">
  <x xmlns="jabber:x:event">
    <displayed/>
    <id>FgdOx-8</id>
  </x>
</message>
java.nio.BufferUnderflowException
	at java.nio.Buffer.nextGetIndex(Unknown Source)
	at java.nio.HeapByteBuffer.get(Unknown Source)
	at org.apache.mina.common.support.BaseByteBuffer.get(BaseByteBuffer.java:177)
	at org.apache.mina.common.support.ByteBufferHexDumper.getHexdump(ByteBufferHexDumper.java:73)
	at org.apache.mina.common.ByteBuffer.getHexDump(ByteBuffer.java:892)
	at org.apache.mina.common.ByteBuffer.toString(ByteBuffer.java:562)
	at java.lang.String.valueOf(Unknown Source)
	at java.lang.StringBuilder.append(Unknown Source)
	at cl.clayster.exi.EXIEncoderInterceptor.interceptPacket(EXIEncoderInterceptor.java:41)
	at org.jivesoftware.openfire.interceptor.InterceptorManager.invokeInterceptors(InterceptorManager.java:239)
	at org.jivesoftware.openfire.session.LocalSession.process(LocalSession.java:280)
	at org.jivesoftware.openfire.spi.RoutingTableImpl.routeToLocalDomain(RoutingTableImpl.java:306)
	at org.jivesoftware.openfire.spi.RoutingTableImpl.routePacket(RoutingTableImpl.java:234)
	at org.jivesoftware.openfire.MessageRouter.route(MessageRouter.java:109)
	at org.jivesoftware.openfire.spi.PacketRouterImpl.route(PacketRouterImpl.java:80)
	at org.jivesoftware.openfire.net.StanzaHandler.processMessage(StanzaHandler.java:373)
	at org.jivesoftware.openfire.net.ClientStanzaHandler.processMessage(ClientStanzaHandler.java:107)
	at org.jivesoftware.openfire.net.StanzaHandler.process(StanzaHandler.java:227)
	at org.jivesoftware.openfire.net.StanzaHandler.process(StanzaHandler.java:194)
	at org.jivesoftware.openfire.nio.ConnectionHandler.messageReceived(ConnectionHandler.java:183)
	at org.apache.mina.common.support.AbstractIoFilterChain$TailFilter.messageReceived(AbstractIoFilterChain.java:570)
	at org.apache.mina.common.support.AbstractIoFilterChain.callNextMessageReceived(AbstractIoFilterChain.java:299)
	at org.apache.mina.common.support.AbstractIoFilterChain.access$1100(AbstractIoFilterChain.java:53)
	at org.apache.mina.common.support.AbstractIoFilterChain$EntryImpl$1.messageReceived(AbstractIoFilterChain.java:648)
	at org.apache.mina.common.IoFilterAdapter.messageReceived(IoFilterAdapter.java:80)
	at cl.clayster.exi.EXIFilter.messageReceived(EXIFilter.java:148)
	at org.apache.mina.common.support.AbstractIoFilterChain.callNextMessageReceived(AbstractIoFilterChain.java:299)
	at org.apache.mina.common.support.AbstractIoFilterChain.access$1100(AbstractIoFilterChain.java:53)
	at org.apache.mina.common.support.AbstractIoFilterChain$EntryImpl$1.messageReceived(AbstractIoFilterChain.java:648)
	at org.apache.mina.common.IoFilterAdapter.messageReceived(IoFilterAdapter.java:80)
	at org.apache.mina.common.support.AbstractIoFilterChain.callNextMessageReceived(AbstractIoFilterChain.java:299)
	at org.apache.mina.common.support.AbstractIoFilterChain.access$1100(AbstractIoFilterChain.java:53)
	at org.apache.mina.common.support.AbstractIoFilterChain$EntryImpl$1.messageReceived(AbstractIoFilterChain.java:648)
	at org.apache.mina.filter.codec.support.SimpleProtocolDecoderOutput.flush(SimpleProtocolDecoderOutput.java:58)
	at org.apache.mina.filter.codec.ProtocolCodecFilter.messageReceived(ProtocolCodecFilter.java:185)
	at org.apache.mina.common.support.AbstractIoFilterChain.callNextMessageReceived(AbstractIoFilterChain.java:299)
	at org.apache.mina.common.support.AbstractIoFilterChain.access$1100(AbstractIoFilterChain.java:53)
	at org.apache.mina.common.support.AbstractIoFilterChain$EntryImpl$1.messageReceived(AbstractIoFilterChain.java:648)
	at org.apache.mina.common.IoFilterAdapter.messageReceived(IoFilterAdapter.java:80)
	at org.jivesoftware.openfire.plugin.RawPrintFilter.messageReceived(RawPrintFilter.java:66)
	at org.apache.mina.common.support.AbstractIoFilterChain.callNextMessageReceived(AbstractIoFilterChain.java:299)
	at org.apache.mina.common.support.AbstractIoFilterChain.access$1100(AbstractIoFilterChain.java:53)
	at org.apache.mina.common.support.AbstractIoFilterChain$EntryImpl$1.messageReceived(AbstractIoFilterChain.java:648)
	at org.apache.mina.filter.executor.ExecutorFilter.processEvent(ExecutorFilter.java:239)
	at org.apache.mina.filter.executor.ExecutorFilter$ProcessEventsRunnable.run(ExecutorFilter.java:283)
	at java.util.concurrent.ThreadPoolExecutor.runWorker(Unknown Source)
	at java.util.concurrent.ThreadPoolExecutor$Worker.run(Unknown Source)
	at org.apache.mina.util.NamePreservingRunnable.run(NamePreservingRunnable.java:51)
	at java.lang.Thread.run(Unknown Source)
2013.12.02 15:26:22 org.jivesoftware.openfire.nio.ConnectionHandler - ConnectionHandler reports unexpected exception for session: (SOCKET, R: /127.0.0.1:57894, L: /127.0.0.1:5222, S: 0.0.0.0/0.0.0.0:5222)
java.lang.Exception: <setup> PROCESSED!!!!!
	at cl.clayster.exi.EXIFilter.messageReceived(EXIFilter.java:102)
	at org.apache.mina.common.support.AbstractIoFilterChain.callNextMessageReceived(AbstractIoFilterChain.java:299)
	at org.apache.mina.common.support.AbstractIoFilterChain.access$1100(AbstractIoFilterChain.java:53)
	at org.apache.mina.common.support.AbstractIoFilterChain$EntryImpl$1.messageReceived(AbstractIoFilterChain.java:648)
	at org.apache.mina.common.IoFilterAdapter.messageReceived(IoFilterAdapter.java:80)
	at org.apache.mina.common.support.AbstractIoFilterChain.callNextMessageReceived(AbstractIoFilterChain.java:299)
	at org.apache.mina.common.support.AbstractIoFilterChain.access$1100(AbstractIoFilterChain.java:53)
	at org.apache.mina.common.support.AbstractIoFilterChain$EntryImpl$1.messageReceived(AbstractIoFilterChain.java:648)
	at org.apache.mina.filter.codec.support.SimpleProtocolDecoderOutput.flush(SimpleProtocolDecoderOutput.java:58)
	at org.apache.mina.filter.codec.ProtocolCodecFilter.messageReceived(ProtocolCodecFilter.java:185)
	at org.apache.mina.common.support.AbstractIoFilterChain.callNextMessageReceived(AbstractIoFilterChain.java:299)
	at org.apache.mina.common.support.AbstractIoFilterChain.access$1100(AbstractIoFilterChain.java:53)
	at org.apache.mina.common.support.AbstractIoFilterChain$EntryImpl$1.messageReceived(AbstractIoFilterChain.java:648)
	at org.apache.mina.common.IoFilterAdapter.messageReceived(IoFilterAdapter.java:80)
	at org.jivesoftware.openfire.plugin.RawPrintFilter.messageReceived(RawPrintFilter.java:66)
	at org.apache.mina.common.support.AbstractIoFilterChain.callNextMessageReceived(AbstractIoFilterChain.java:299)
	at org.apache.mina.common.support.AbstractIoFilterChain.access$1100(AbstractIoFilterChain.java:53)
	at org.apache.mina.common.support.AbstractIoFilterChain$EntryImpl$1.messageReceived(AbstractIoFilterChain.java:648)
	at org.apache.mina.filter.executor.ExecutorFilter.processEvent(ExecutorFilter.java:239)
	at org.apache.mina.filter.executor.ExecutorFilter$ProcessEventsRunnable.run(ExecutorFilter.java:283)
	at java.util.concurrent.ThreadPoolExecutor.runWorker(Unknown Source)
	at java.util.concurrent.ThreadPoolExecutor$Worker.run(Unknown Source)
	at org.apache.mina.util.NamePreservingRunnable.run(NamePreservingRunnable.java:51)
	at java.lang.Thread.run(Unknown Source)
2013.12.02 15:26:22 org.jivesoftware.openfire.nio.ConnectionHandler - ConnectionHandler reports unexpected exception for session: (SOCKET, R: /127.0.0.1:57894, L: /127.0.0.1:5222, S: 0.0.0.0/0.0.0.0:5222)
java.lang.Exception: <compress> PROCESSED!!!!!
	at cl.clayster.exi.EXIFilter.messageReceived(EXIFilter.java:115)
	at org.apache.mina.common.support.AbstractIoFilterChain.callNextMessageReceived(AbstractIoFilterChain.java:299)
	at org.apache.mina.common.support.AbstractIoFilterChain.access$1100(AbstractIoFilterChain.java:53)
	at org.apache.mina.common.support.AbstractIoFilterChain$EntryImpl$1.messageReceived(AbstractIoFilterChain.java:648)
	at org.apache.mina.common.IoFilterAdapter.messageReceived(IoFilterAdapter.java:80)
	at org.apache.mina.common.support.AbstractIoFilterChain.callNextMessageReceived(AbstractIoFilterChain.java:299)
	at org.apache.mina.common.support.AbstractIoFilterChain.access$1100(AbstractIoFilterChain.java:53)
	at org.apache.mina.common.support.AbstractIoFilterChain$EntryImpl$1.messageReceived(AbstractIoFilterChain.java:648)
	at org.apache.mina.filter.codec.support.SimpleProtocolDecoderOutput.flush(SimpleProtocolDecoderOutput.java:58)
	at org.apache.mina.filter.codec.ProtocolCodecFilter.messageReceived(ProtocolCodecFilter.java:185)
	at org.apache.mina.common.support.AbstractIoFilterChain.callNextMessageReceived(AbstractIoFilterChain.java:299)
	at org.apache.mina.common.support.AbstractIoFilterChain.access$1100(AbstractIoFilterChain.java:53)
	at org.apache.mina.common.support.AbstractIoFilterChain$EntryImpl$1.messageReceived(AbstractIoFilterChain.java:648)
	at org.apache.mina.common.IoFilterAdapter.messageReceived(IoFilterAdapter.java:80)
	at org.jivesoftware.openfire.plugin.RawPrintFilter.messageReceived(RawPrintFilter.java:66)
	at org.apache.mina.common.support.AbstractIoFilterChain.callNextMessageReceived(AbstractIoFilterChain.java:299)
	at org.apache.mina.common.support.AbstractIoFilterChain.access$1100(AbstractIoFilterChain.java:53)
	at org.apache.mina.common.support.AbstractIoFilterChain$EntryImpl$1.messageReceived(AbstractIoFilterChain.java:648)
	at org.apache.mina.filter.executor.ExecutorFilter.processEvent(ExecutorFilter.java:239)
	at org.apache.mina.filter.executor.ExecutorFilter$ProcessEventsRunnable.run(ExecutorFilter.java:283)
	at java.util.concurrent.ThreadPoolExecutor.runWorker(Unknown Source)
	at java.util.concurrent.ThreadPoolExecutor$Worker.run(Unknown Source)
	at org.apache.mina.util.NamePreservingRunnable.run(NamePreservingRunnable.java:51)
	at java.lang.Thread.run(Unknown Source)
2013.12.02 15:26:23 org.jivesoftware.openfire.nio.ConnectionHandler - ConnectionHandler reports unexpected exception for session: (SOCKET, R: /127.0.0.1:57894, L: /127.0.0.1:5222, S: 0.0.0.0/0.0.0.0:5222)
java.lang.Exception: <exi:streamStart> PROCESSED!!!!!
	at cl.clayster.exi.EXIDecoderFilter.messageReceived(EXIDecoderFilter.java:55)
	at org.apache.mina.common.support.AbstractIoFilterChain.callNextMessageReceived(AbstractIoFilterChain.java:299)
	at org.apache.mina.common.support.AbstractIoFilterChain.access$1100(AbstractIoFilterChain.java:53)
	at org.apache.mina.common.support.AbstractIoFilterChain$EntryImpl$1.messageReceived(AbstractIoFilterChain.java:648)
	at org.apache.mina.common.IoFilterAdapter.messageReceived(IoFilterAdapter.java:80)
	at org.jivesoftware.openfire.plugin.RawPrintFilter.messageReceived(RawPrintFilter.java:66)
	at org.apache.mina.common.support.AbstractIoFilterChain.callNextMessageReceived(AbstractIoFilterChain.java:299)
	at org.apache.mina.common.support.AbstractIoFilterChain.access$1100(AbstractIoFilterChain.java:53)
	at org.apache.mina.common.support.AbstractIoFilterChain$EntryImpl$1.messageReceived(AbstractIoFilterChain.java:648)
	at org.apache.mina.filter.executor.ExecutorFilter.processEvent(ExecutorFilter.java:239)
	at org.apache.mina.filter.executor.ExecutorFilter$ProcessEventsRunnable.run(ExecutorFilter.java:283)
	at java.util.concurrent.ThreadPoolExecutor.runWorker(Unknown Source)
	at java.util.concurrent.ThreadPoolExecutor$Worker.run(Unknown Source)
	at org.apache.mina.util.NamePreservingRunnable.run(NamePreservingRunnable.java:51)
	at java.lang.Thread.run(Unknown Source)
2013.12.02 15:28:34 org.jivesoftware.openfire.nio.ConnectionHandler - ConnectionHandler reports unexpected exception for session: (SOCKET, R: /127.0.0.1:57894, L: /127.0.0.1:5222, S: 0.0.0.0/0.0.0.0:5222)
java.lang.NullPointerException
	at cl.clayster.exi.EXIDecoderFilter.messageReceived(EXIDecoderFilter.java:54)
	at org.apache.mina.common.support.AbstractIoFilterChain.callNextMessageReceived(AbstractIoFilterChain.java:299)
	at org.apache.mina.common.support.AbstractIoFilterChain.access$1100(AbstractIoFilterChain.java:53)
	at org.apache.mina.common.support.AbstractIoFilterChain$EntryImpl$1.messageReceived(AbstractIoFilterChain.java:648)
	at org.apache.mina.common.IoFilterAdapter.messageReceived(IoFilterAdapter.java:80)
	at org.jivesoftware.openfire.plugin.RawPrintFilter.messageReceived(RawPrintFilter.java:66)
	at org.apache.mina.common.support.AbstractIoFilterChain.callNextMessageReceived(AbstractIoFilterChain.java:299)
	at org.apache.mina.common.support.AbstractIoFilterChain.access$1100(AbstractIoFilterChain.java:53)
	at org.apache.mina.common.support.AbstractIoFilterChain$EntryImpl$1.messageReceived(AbstractIoFilterChain.java:648)
	at org.apache.mina.filter.executor.ExecutorFilter.processEvent(ExecutorFilter.java:239)
	at org.apache.mina.filter.executor.ExecutorFilter$ProcessEventsRunnable.run(ExecutorFilter.java:283)
	at java.util.concurrent.ThreadPoolExecutor.runWorker(Unknown Source)
	at java.util.concurrent.ThreadPoolExecutor$Worker.run(Unknown Source)
	at org.apache.mina.util.NamePreservingRunnable.run(NamePreservingRunnable.java:51)
	at java.lang.Thread.run(Unknown Source)
2013.12.02 15:34:10 org.jivesoftware.openfire.nio.ConnectionHandler - ConnectionHandler reports unexpected exception for session: (SOCKET, R: /127.0.0.1:58062, L: /127.0.0.1:5222, S: 0.0.0.0/0.0.0.0:5222)
java.lang.Exception: <setup> PROCESSED!!!!!
	at cl.clayster.exi.EXIFilter.messageReceived(EXIFilter.java:102)
	at org.apache.mina.common.support.AbstractIoFilterChain.callNextMessageReceived(AbstractIoFilterChain.java:299)
	at org.apache.mina.common.support.AbstractIoFilterChain.access$1100(AbstractIoFilterChain.java:53)
	at org.apache.mina.common.support.AbstractIoFilterChain$EntryImpl$1.messageReceived(AbstractIoFilterChain.java:648)
	at org.apache.mina.common.IoFilterAdapter.messageReceived(IoFilterAdapter.java:80)
	at org.apache.mina.common.support.AbstractIoFilterChain.callNextMessageReceived(AbstractIoFilterChain.java:299)
	at org.apache.mina.common.support.AbstractIoFilterChain.access$1100(AbstractIoFilterChain.java:53)
	at org.apache.mina.common.support.AbstractIoFilterChain$EntryImpl$1.messageReceived(AbstractIoFilterChain.java:648)
	at org.apache.mina.filter.codec.support.SimpleProtocolDecoderOutput.flush(SimpleProtocolDecoderOutput.java:58)
	at org.apache.mina.filter.codec.ProtocolCodecFilter.messageReceived(ProtocolCodecFilter.java:185)
	at org.apache.mina.common.support.AbstractIoFilterChain.callNextMessageReceived(AbstractIoFilterChain.java:299)
	at org.apache.mina.common.support.AbstractIoFilterChain.access$1100(AbstractIoFilterChain.java:53)
	at org.apache.mina.common.support.AbstractIoFilterChain$EntryImpl$1.messageReceived(AbstractIoFilterChain.java:648)
	at org.apache.mina.common.IoFilterAdapter.messageReceived(IoFilterAdapter.java:80)
	at org.jivesoftware.openfire.plugin.RawPrintFilter.messageReceived(RawPrintFilter.java:66)
	at org.apache.mina.common.support.AbstractIoFilterChain.callNextMessageReceived(AbstractIoFilterChain.java:299)
	at org.apache.mina.common.support.AbstractIoFilterChain.access$1100(AbstractIoFilterChain.java:53)
	at org.apache.mina.common.support.AbstractIoFilterChain$EntryImpl$1.messageReceived(AbstractIoFilterChain.java:648)
	at org.apache.mina.filter.executor.ExecutorFilter.processEvent(ExecutorFilter.java:239)
	at org.apache.mina.filter.executor.ExecutorFilter$ProcessEventsRunnable.run(ExecutorFilter.java:283)
	at java.util.concurrent.ThreadPoolExecutor.runWorker(Unknown Source)
	at java.util.concurrent.ThreadPoolExecutor$Worker.run(Unknown Source)
	at org.apache.mina.util.NamePreservingRunnable.run(NamePreservingRunnable.java:51)
	at java.lang.Thread.run(Unknown Source)
2013.12.02 15:34:12 org.jivesoftware.openfire.nio.ConnectionHandler - ConnectionHandler reports unexpected exception for session: (SOCKET, R: /127.0.0.1:58062, L: /127.0.0.1:5222, S: 0.0.0.0/0.0.0.0:5222)
java.lang.Exception: <compress> PROCESSED!!!!!
	at cl.clayster.exi.EXIFilter.messageReceived(EXIFilter.java:115)
	at org.apache.mina.common.support.AbstractIoFilterChain.callNextMessageReceived(AbstractIoFilterChain.java:299)
	at org.apache.mina.common.support.AbstractIoFilterChain.access$1100(AbstractIoFilterChain.java:53)
	at org.apache.mina.common.support.AbstractIoFilterChain$EntryImpl$1.messageReceived(AbstractIoFilterChain.java:648)
	at org.apache.mina.common.IoFilterAdapter.messageReceived(IoFilterAdapter.java:80)
	at org.apache.mina.common.support.AbstractIoFilterChain.callNextMessageReceived(AbstractIoFilterChain.java:299)
	at org.apache.mina.common.support.AbstractIoFilterChain.access$1100(AbstractIoFilterChain.java:53)
	at org.apache.mina.common.support.AbstractIoFilterChain$EntryImpl$1.messageReceived(AbstractIoFilterChain.java:648)
	at org.apache.mina.filter.codec.support.SimpleProtocolDecoderOutput.flush(SimpleProtocolDecoderOutput.java:58)
	at org.apache.mina.filter.codec.ProtocolCodecFilter.messageReceived(ProtocolCodecFilter.java:185)
	at org.apache.mina.common.support.AbstractIoFilterChain.callNextMessageReceived(AbstractIoFilterChain.java:299)
	at org.apache.mina.common.support.AbstractIoFilterChain.access$1100(AbstractIoFilterChain.java:53)
	at org.apache.mina.common.support.AbstractIoFilterChain$EntryImpl$1.messageReceived(AbstractIoFilterChain.java:648)
	at org.apache.mina.common.IoFilterAdapter.messageReceived(IoFilterAdapter.java:80)
	at org.jivesoftware.openfire.plugin.RawPrintFilter.messageReceived(RawPrintFilter.java:66)
	at org.apache.mina.common.support.AbstractIoFilterChain.callNextMessageReceived(AbstractIoFilterChain.java:299)
	at org.apache.mina.common.support.AbstractIoFilterChain.access$1100(AbstractIoFilterChain.java:53)
	at org.apache.mina.common.support.AbstractIoFilterChain$EntryImpl$1.messageReceived(AbstractIoFilterChain.java:648)
	at org.apache.mina.filter.executor.ExecutorFilter.processEvent(ExecutorFilter.java:239)
	at org.apache.mina.filter.executor.ExecutorFilter$ProcessEventsRunnable.run(ExecutorFilter.java:283)
	at java.util.concurrent.ThreadPoolExecutor.runWorker(Unknown Source)
	at java.util.concurrent.ThreadPoolExecutor$Worker.run(Unknown Source)
	at org.apache.mina.util.NamePreservingRunnable.run(NamePreservingRunnable.java:51)
	at java.lang.Thread.run(Unknown Source)
2013.12.02 15:34:12 org.jivesoftware.openfire.nio.ConnectionHandler - ConnectionHandler reports unexpected exception for session: (SOCKET, R: /127.0.0.1:58062, L: /127.0.0.1:5222, S: 0.0.0.0/0.0.0.0:5222)
java.lang.Exception: <exi:streamStart> PROCESSED!!!!!
	at cl.clayster.exi.EXIDecoderFilter.messageReceived(EXIDecoderFilter.java:55)
	at org.apache.mina.common.support.AbstractIoFilterChain.callNextMessageReceived(AbstractIoFilterChain.java:299)
	at org.apache.mina.common.support.AbstractIoFilterChain.access$1100(AbstractIoFilterChain.java:53)
	at org.apache.mina.common.support.AbstractIoFilterChain$EntryImpl$1.messageReceived(AbstractIoFilterChain.java:648)
	at org.apache.mina.common.IoFilterAdapter.messageReceived(IoFilterAdapter.java:80)
	at org.jivesoftware.openfire.plugin.RawPrintFilter.messageReceived(RawPrintFilter.java:66)
	at org.apache.mina.common.support.AbstractIoFilterChain.callNextMessageReceived(AbstractIoFilterChain.java:299)
	at org.apache.mina.common.support.AbstractIoFilterChain.access$1100(AbstractIoFilterChain.java:53)
	at org.apache.mina.common.support.AbstractIoFilterChain$EntryImpl$1.messageReceived(AbstractIoFilterChain.java:648)
	at org.apache.mina.filter.executor.ExecutorFilter.processEvent(ExecutorFilter.java:239)
	at org.apache.mina.filter.executor.ExecutorFilter$ProcessEventsRunnable.run(ExecutorFilter.java:283)
	at java.util.concurrent.ThreadPoolExecutor.runWorker(Unknown Source)
	at java.util.concurrent.ThreadPoolExecutor$Worker.run(Unknown Source)
	at org.apache.mina.util.NamePreservingRunnable.run(NamePreservingRunnable.java:51)
	at java.lang.Thread.run(Unknown Source)
2013.12.02 15:34:18 org.jivesoftware.openfire.nio.ConnectionHandler - ConnectionHandler reports unexpected exception for session: (SOCKET, R: /127.0.0.1:58062, L: /127.0.0.1:5222, S: 0.0.0.0/0.0.0.0:5222)
java.lang.NullPointerException
	at cl.clayster.exi.EXIDecoderFilter.messageReceived(EXIDecoderFilter.java:54)
	at org.apache.mina.common.support.AbstractIoFilterChain.callNextMessageReceived(AbstractIoFilterChain.java:299)
	at org.apache.mina.common.support.AbstractIoFilterChain.access$1100(AbstractIoFilterChain.java:53)
	at org.apache.mina.common.support.AbstractIoFilterChain$EntryImpl$1.messageReceived(AbstractIoFilterChain.java:648)
	at org.apache.mina.common.IoFilterAdapter.messageReceived(IoFilterAdapter.java:80)
	at org.jivesoftware.openfire.plugin.RawPrintFilter.messageReceived(RawPrintFilter.java:66)
	at org.apache.mina.common.support.AbstractIoFilterChain.callNextMessageReceived(AbstractIoFilterChain.java:299)
	at org.apache.mina.common.support.AbstractIoFilterChain.access$1100(AbstractIoFilterChain.java:53)
	at org.apache.mina.common.support.AbstractIoFilterChain$EntryImpl$1.messageReceived(AbstractIoFilterChain.java:648)
	at org.apache.mina.filter.executor.ExecutorFilter.processEvent(ExecutorFilter.java:239)
	at org.apache.mina.filter.executor.ExecutorFilter$ProcessEventsRunnable.run(ExecutorFilter.java:283)
	at java.util.concurrent.ThreadPoolExecutor.runWorker(Unknown Source)
	at java.util.concurrent.ThreadPoolExecutor$Worker.run(Unknown Source)
	at org.apache.mina.util.NamePreservingRunnable.run(NamePreservingRunnable.java:51)
	at java.lang.Thread.run(Unknown Source)
