2013.11.15 13:06:36 org.jivesoftware.openfire.XMPPServer - Registering shutdown hook (standalone mode)
2013.11.15 13:06:36 org.jivesoftware.util.cache.CacheFactory - Created cache [org.jivesoftware.util.cache.DefaultLocalCacheStrategy] for Routing Servers Cache
2013.11.15 13:06:36 org.jivesoftware.util.cache.CacheFactory - Created cache [org.jivesoftware.util.cache.DefaultLocalCacheStrategy] for Routing Components Cache
2013.11.15 13:06:36 org.jivesoftware.util.cache.CacheFactory - Created cache [org.jivesoftware.util.cache.DefaultLocalCacheStrategy] for Routing Users Cache
2013.11.15 13:06:36 org.jivesoftware.util.cache.CacheFactory - Created cache [org.jivesoftware.util.cache.DefaultLocalCacheStrategy] for Routing AnonymousUsers Cache
2013.11.15 13:06:36 org.jivesoftware.util.cache.CacheFactory - Created cache [org.jivesoftware.util.cache.DefaultLocalCacheStrategy] for Routing User Sessions
2013.11.15 13:06:36 org.jivesoftware.util.cache.CacheFactory - Created cache [org.jivesoftware.util.cache.DefaultLocalCacheStrategy] for Roster
2013.11.15 13:06:36 org.jivesoftware.util.cache.CacheFactory - Created cache [org.jivesoftware.util.cache.DefaultLocalCacheStrategy] for Multicast Service
2013.11.15 13:06:36 org.jivesoftware.util.cache.CacheFactory - Created cache [org.jivesoftware.util.cache.DefaultLocalCacheStrategy] for Offline Message Size
2013.11.15 13:06:36 org.jivesoftware.util.cache.CacheFactory - Created cache [org.jivesoftware.util.cache.DefaultLocalCacheStrategy] for VCard
2013.11.15 13:06:37 org.jivesoftware.util.cache.CacheFactory - Created cache [org.jivesoftware.util.cache.DefaultLocalCacheStrategy] for Privacy Lists
2013.11.15 13:06:37 org.jivesoftware.util.cache.CacheFactory - Created cache [org.jivesoftware.util.cache.DefaultLocalCacheStrategy] for File Transfer Cache
2013.11.15 13:06:37 org.jivesoftware.util.cache.CacheFactory - Created cache [org.jivesoftware.util.cache.DefaultLocalCacheStrategy] for Clearspace SSO Nonce
2013.11.15 13:06:37 org.jivesoftware.util.cache.CacheFactory - Created cache [org.jivesoftware.util.cache.DefaultLocalCacheStrategy] for Offline Presence Cache
2013.11.15 13:06:37 org.jivesoftware.util.cache.CacheFactory - Created cache [org.jivesoftware.util.cache.DefaultLocalCacheStrategy] for Last Activity Cache
2013.11.15 13:06:37 org.jivesoftware.util.cache.CacheFactory - Created cache [org.jivesoftware.util.cache.DefaultLocalCacheStrategy] for User
2013.11.15 13:06:37 org.jivesoftware.util.cache.CacheFactory - Created cache [org.jivesoftware.util.cache.DefaultLocalCacheStrategy] for Remote Users Existence
2013.11.15 13:06:37 org.jivesoftware.util.cache.CacheFactory - Created cache [org.jivesoftware.util.cache.DefaultLocalCacheStrategy] for Components Sessions
2013.11.15 13:06:37 org.jivesoftware.util.cache.CacheFactory - Created cache [org.jivesoftware.util.cache.DefaultLocalCacheStrategy] for Connection Managers Sessions
2013.11.15 13:06:37 org.jivesoftware.util.cache.CacheFactory - Created cache [org.jivesoftware.util.cache.DefaultLocalCacheStrategy] for Incoming Server Sessions
2013.11.15 13:06:37 org.jivesoftware.util.cache.CacheFactory - Created cache [org.jivesoftware.util.cache.DefaultLocalCacheStrategy] for Sessions by Hostname
2013.11.15 13:06:37 org.jivesoftware.util.cache.CacheFactory - Created cache [org.jivesoftware.util.cache.DefaultLocalCacheStrategy] for Validated Domains
2013.11.15 13:06:37 org.jivesoftware.util.cache.CacheFactory - Created cache [org.jivesoftware.util.cache.DefaultLocalCacheStrategy] for Client Session Info Cache
2013.11.15 13:06:37 org.jivesoftware.util.cache.CacheFactory - Created cache [org.jivesoftware.util.cache.DefaultLocalCacheStrategy] for Entity Capabilities
2013.11.15 13:06:37 org.jivesoftware.util.cache.CacheFactory - Created cache [org.jivesoftware.util.cache.DefaultLocalCacheStrategy] for Entity Capabilities Users
2013.11.15 13:06:37 org.jivesoftware.util.cache.CacheFactory - Created cache [org.jivesoftware.util.cache.DefaultLocalCacheStrategy] for Directed Presences
2013.11.15 13:06:37 org.jivesoftware.util.cache.CacheFactory - Created local-only cache [org.jivesoftware.util.cache.DefaultLocalCacheStrategy] for PEPServiceManager
2013.11.15 13:06:37 org.jivesoftware.util.cache.CacheFactory - Created cache [org.jivesoftware.util.cache.DefaultLocalCacheStrategy] for File Transfer
2013.11.15 13:06:37 org.jivesoftware.util.cache.CacheFactory - Created cache [org.jivesoftware.util.cache.DefaultLocalCacheStrategy] for Published Items
2013.11.15 13:06:37 org.jivesoftware.util.cache.CacheFactory - Created cache [org.jivesoftware.util.cache.DefaultLocalCacheStrategy] for Disco Server Features
2013.11.15 13:06:37 org.jivesoftware.util.cache.CacheFactory - Created cache [org.jivesoftware.util.cache.DefaultLocalCacheStrategy] for Disco Server Items
2013.11.15 13:06:37 org.jivesoftware.openfire.pubsub.PubSubModule - Dominio de Publicar-Suscribir: pubsub.javier.placencio
2013.11.15 13:06:37 org.jivesoftware.openfire.muc.spi.MultiUserChatServiceImpl - Dominio de Chat Multi-usuario: conference.javier.placencio
2013.11.15 13:06:38 org.jivesoftware.openfire.XMPPServer - Openfire 3.8.3 Alpha [15-nov-2013 13:06:38]
2013.11.15 13:06:40 org.jivesoftware.util.cache.CacheFactory - Created cache [org.jivesoftware.util.cache.DefaultLocalCacheStrategy] for Favicon Misses
2013.11.15 13:06:40 org.jivesoftware.util.cache.CacheFactory - Created cache [org.jivesoftware.util.cache.DefaultLocalCacheStrategy] for Favicon Hits
2013.11.15 13:06:41 org.jivesoftware.openfire.container.AdminConsolePlugin - Consola de administración escuchando en:
  http://javier.placencio:9090
  https://javier.placencio:9091
2013.11.15 13:06:41 org.jivesoftware.util.cache.CacheFactory - Created cache [org.jivesoftware.util.cache.DefaultLocalCacheStrategy] for Group
2013.11.15 13:06:41 org.jivesoftware.util.cache.CacheFactory - Created cache [org.jivesoftware.util.cache.DefaultLocalCacheStrategy] for Group Metadata Cache
2013.11.15 13:06:43 org.jivesoftware.openfire.plugin.gojara.sessions.TransportSessionManager -  Created TransportSessionManager
2013.11.15 13:06:43 org.jivesoftware.openfire.plugin.gojara.messagefilter.MainInterceptor - Created MainInterceptor for GoJara Plugin.
2013.11.15 13:06:43 org.jivesoftware.openfire.plugin.gojara.messagefilter.processors.AbstractRemoteRosterProcessor - Created DiscoIQRegisteredProcessor
2013.11.15 13:06:43 org.jivesoftware.openfire.plugin.gojara.messagefilter.processors.AbstractRemoteRosterProcessor - Created IQRosterPayloadProcessor
2013.11.15 13:06:43 org.jivesoftware.openfire.plugin.gojara.messagefilter.processors.AbstractRemoteRosterProcessor - Created NonPersistantProcessor
2013.11.15 13:06:43 org.jivesoftware.openfire.plugin.gojara.messagefilter.processors.AbstractRemoteRosterProcessor - Created StatisticsProcessor
2013.11.15 13:06:43 org.jivesoftware.openfire.plugin.gojara.messagefilter.processors.AbstractRemoteRosterProcessor - Created ClientToComponentUpdateProcessor
2013.11.15 13:06:43 org.jivesoftware.openfire.plugin.gojara.messagefilter.processors.AbstractRemoteRosterProcessor - Created WhitelistProcessor
2013.11.15 13:06:43 org.jivesoftware.openfire.plugin.gojara.messagefilter.processors.AbstractRemoteRosterProcessor - Created MucFilterProcessor
2013.11.15 13:06:43 org.jivesoftware.openfire.plugin.gojara.messagefilter.processors.AbstractRemoteRosterProcessor - Created GojaraAdminProcessor
2013.11.15 13:06:43 org.jivesoftware.openfire.plugin.gojara.base.RemoteRosterPlugin - Starting RemoteRoster Plugin
2013.11.15 13:06:43 org.jivesoftware.openfire.plugin.gojara.sessions.TransportSessionManager - Initializing Sessions.
2013.11.15 13:06:43 org.jivesoftware.openfire.plugin.gojara.base.RemoteRosterPlugin - Started Gojara successfully. Currently running interceptors: 4
2013.11.15 13:06:44 org.jinglenodes.JingleNodesPlugin - Jingle Nodes Loaded.
2013.11.15 13:06:45 org.jivesoftware.util.cache.CacheFactory - Created cache [org.jivesoftware.util.cache.DefaultLocalCacheStrategy] for Kraken Session Location Cache
2013.11.15 13:06:46 org.jivesoftware.openfire.plugin.PacketFilterPlugin - Packet Filter loaded...
2013.11.15 13:06:46 org.jivesoftware.openfire.plugin.gojara.messagefilter.MainInterceptor - Removing registration.notification.contact.javier.placencio from watched Transports.
2013.11.15 13:06:46 org.jivesoftware.openfire.plugin.gojara.messagefilter.MainInterceptor - Removing registration.notification.enabled.javier.placencio from watched Transports.
2013.11.15 13:06:47 org.jivesoftware.openfire.spi.ConnectionManagerImpl - Socket del servidor iniciado (sin encriptar) en el puerto: 5269
2013.11.15 13:06:47 org.jivesoftware.openfire.spi.ConnectionManagerImpl - Socket iniciado (sin encriptar) en el puerto: 5222
2013.11.15 13:06:47 org.jivesoftware.openfire.spi.ConnectionManagerImpl - Socket SSL (encriptado) iniciado en el puerto: 5223
2013.11.15 13:07:00 org.jivesoftware.util.cache.CacheFactory - Created cache [org.jivesoftware.util.cache.DefaultLocalCacheStrategy] for Locked Out Accounts
2013.11.15 13:07:43 org.jivesoftware.database.DbConnectionManager - Unable to get a connection from the database pool (attempt 0 out of 10).
java.sql.SQLException: The database is already in use by another process: org.hsqldb.persist.NIOLockFile@8aa1e602[file =C:\Users\Javier\workspace\Personales\openfire\target\openfire\embedded-db\openfire.lck, exists=true, locked=false, valid=false, fl =null]: java.lang.Exception: checkHeartbeat(): lock file [C:\Users\Javier\workspace\Personales\openfire\target\openfire\embedded-db\openfire.lck] is presumably locked by another process.
	at org.hsqldb.jdbc.Util.sqlException(Unknown Source)
	at org.hsqldb.jdbc.jdbcConnection.<init>(Unknown Source)
	at org.hsqldb.jdbcDriver.getConnection(Unknown Source)
	at org.hsqldb.jdbcDriver.connect(Unknown Source)
	at java.sql.DriverManager.getConnection(Unknown Source)
	at java.sql.DriverManager.getConnection(Unknown Source)
	at org.logicalcobwebs.proxool.DefaultConnectionBuilder.buildConnection(DefaultConnectionBuilder.java:39)
	at org.logicalcobwebs.proxool.Prototyper.buildConnection(Prototyper.java:159)
	at org.logicalcobwebs.proxool.ConnectionPool.getConnection(ConnectionPool.java:211)
	at org.logicalcobwebs.proxool.ProxoolDriver.connect(ProxoolDriver.java:89)
	at java.sql.DriverManager.getConnection(Unknown Source)
	at java.sql.DriverManager.getConnection(Unknown Source)
	at org.jivesoftware.database.EmbeddedConnectionProvider.getConnection(EmbeddedConnectionProvider.java:61)
	at org.jivesoftware.database.DbConnectionManager.getConnection(DbConnectionManager.java:124)
	at org.jivesoftware.util.JiveProperties.loadProperties(JiveProperties.java:344)
	at org.jivesoftware.util.JiveProperties.init(JiveProperties.java:90)
	at org.jivesoftware.util.JiveProperties$JivePropertyHolder.<clinit>(JiveProperties.java:57)
	at org.jivesoftware.util.JiveProperties.getInstance(JiveProperties.java:69)
	at org.jivesoftware.util.JiveGlobals.getProperty(JiveGlobals.java:551)
	at org.jivesoftware.openfire.XMPPServer.initialize(XMPPServer.java:353)
	at org.jivesoftware.openfire.XMPPServer.start(XMPPServer.java:474)
	at org.jivesoftware.openfire.XMPPServer.<init>(XMPPServer.java:216)
	at sun.reflect.NativeConstructorAccessorImpl.newInstance0(Native Method)
	at sun.reflect.NativeConstructorAccessorImpl.newInstance(Unknown Source)
	at sun.reflect.DelegatingConstructorAccessorImpl.newInstance(Unknown Source)
	at java.lang.reflect.Constructor.newInstance(Unknown Source)
	at java.lang.Class.newInstance0(Unknown Source)
	at java.lang.Class.newInstance(Unknown Source)
	at org.jivesoftware.openfire.starter.ServerStarter.start(ServerStarter.java:113)
	at org.jivesoftware.openfire.starter.ServerStarter.main(ServerStarter.java:58)
2013.11.15 13:07:43 org.jivesoftware.database.DbConnectionManager - Unable to get a connection from the database pool (attempt 1 out of 10).
java.sql.SQLException: The database is already in use by another process: org.hsqldb.persist.NIOLockFile@8aa1e602[file =C:\Users\Javier\workspace\Personales\openfire\target\openfire\embedded-db\openfire.lck, exists=true, locked=false, valid=false, fl =null]: java.lang.Exception: checkHeartbeat(): lock file [C:\Users\Javier\workspace\Personales\openfire\target\openfire\embedded-db\openfire.lck] is presumably locked by another process.
	at org.hsqldb.jdbc.Util.sqlException(Unknown Source)
	at org.hsqldb.jdbc.jdbcConnection.<init>(Unknown Source)
	at org.hsqldb.jdbcDriver.getConnection(Unknown Source)
	at org.hsqldb.jdbcDriver.connect(Unknown Source)
	at java.sql.DriverManager.getConnection(Unknown Source)
	at java.sql.DriverManager.getConnection(Unknown Source)
	at org.logicalcobwebs.proxool.DefaultConnectionBuilder.buildConnection(DefaultConnectionBuilder.java:39)
	at org.logicalcobwebs.proxool.Prototyper.buildConnection(Prototyper.java:159)
	at org.logicalcobwebs.proxool.ConnectionPool.getConnection(ConnectionPool.java:211)
	at org.logicalcobwebs.proxool.ProxoolDriver.connect(ProxoolDriver.java:89)
	at java.sql.DriverManager.getConnection(Unknown Source)
	at java.sql.DriverManager.getConnection(Unknown Source)
	at org.jivesoftware.database.EmbeddedConnectionProvider.getConnection(EmbeddedConnectionProvider.java:61)
	at org.jivesoftware.database.DbConnectionManager.getConnection(DbConnectionManager.java:124)
	at org.jivesoftware.util.JiveProperties.loadProperties(JiveProperties.java:344)
	at org.jivesoftware.util.JiveProperties.init(JiveProperties.java:90)
	at org.jivesoftware.util.JiveProperties$JivePropertyHolder.<clinit>(JiveProperties.java:57)
	at org.jivesoftware.util.JiveProperties.getInstance(JiveProperties.java:69)
	at org.jivesoftware.util.JiveGlobals.getProperty(JiveGlobals.java:551)
	at org.jivesoftware.openfire.XMPPServer.initialize(XMPPServer.java:353)
	at org.jivesoftware.openfire.XMPPServer.start(XMPPServer.java:474)
	at org.jivesoftware.openfire.XMPPServer.<init>(XMPPServer.java:216)
	at sun.reflect.NativeConstructorAccessorImpl.newInstance0(Native Method)
	at sun.reflect.NativeConstructorAccessorImpl.newInstance(Unknown Source)
	at sun.reflect.DelegatingConstructorAccessorImpl.newInstance(Unknown Source)
	at java.lang.reflect.Constructor.newInstance(Unknown Source)
	at java.lang.Class.newInstance0(Unknown Source)
	at java.lang.Class.newInstance(Unknown Source)
	at org.jivesoftware.openfire.starter.ServerStarter.start(ServerStarter.java:113)
	at org.jivesoftware.openfire.starter.ServerStarter.main(ServerStarter.java:58)
2013.11.15 13:07:44 org.jivesoftware.database.DbConnectionManager - Unable to get a connection from the database pool (attempt 2 out of 10).
java.sql.SQLException: The database is already in use by another process: org.hsqldb.persist.NIOLockFile@8aa1e602[file =C:\Users\Javier\workspace\Personales\openfire\target\openfire\embedded-db\openfire.lck, exists=true, locked=false, valid=false, fl =null]: java.lang.Exception: checkHeartbeat(): lock file [C:\Users\Javier\workspace\Personales\openfire\target\openfire\embedded-db\openfire.lck] is presumably locked by another process.
	at org.hsqldb.jdbc.Util.sqlException(Unknown Source)
	at org.hsqldb.jdbc.jdbcConnection.<init>(Unknown Source)
	at org.hsqldb.jdbcDriver.getConnection(Unknown Source)
	at org.hsqldb.jdbcDriver.connect(Unknown Source)
	at java.sql.DriverManager.getConnection(Unknown Source)
	at java.sql.DriverManager.getConnection(Unknown Source)
	at org.logicalcobwebs.proxool.DefaultConnectionBuilder.buildConnection(DefaultConnectionBuilder.java:39)
	at org.logicalcobwebs.proxool.Prototyper.buildConnection(Prototyper.java:159)
	at org.logicalcobwebs.proxool.ConnectionPool.getConnection(ConnectionPool.java:211)
	at org.logicalcobwebs.proxool.ProxoolDriver.connect(ProxoolDriver.java:89)
	at java.sql.DriverManager.getConnection(Unknown Source)
	at java.sql.DriverManager.getConnection(Unknown Source)
	at org.jivesoftware.database.EmbeddedConnectionProvider.getConnection(EmbeddedConnectionProvider.java:61)
	at org.jivesoftware.database.DbConnectionManager.getConnection(DbConnectionManager.java:124)
	at org.jivesoftware.util.JiveProperties.loadProperties(JiveProperties.java:344)
	at org.jivesoftware.util.JiveProperties.init(JiveProperties.java:90)
	at org.jivesoftware.util.JiveProperties$JivePropertyHolder.<clinit>(JiveProperties.java:57)
	at org.jivesoftware.util.JiveProperties.getInstance(JiveProperties.java:69)
	at org.jivesoftware.util.JiveGlobals.getProperty(JiveGlobals.java:551)
	at org.jivesoftware.openfire.XMPPServer.initialize(XMPPServer.java:353)
	at org.jivesoftware.openfire.XMPPServer.start(XMPPServer.java:474)
	at org.jivesoftware.openfire.XMPPServer.<init>(XMPPServer.java:216)
	at sun.reflect.NativeConstructorAccessorImpl.newInstance0(Native Method)
	at sun.reflect.NativeConstructorAccessorImpl.newInstance(Unknown Source)
	at sun.reflect.DelegatingConstructorAccessorImpl.newInstance(Unknown Source)
	at java.lang.reflect.Constructor.newInstance(Unknown Source)
	at java.lang.Class.newInstance0(Unknown Source)
	at java.lang.Class.newInstance(Unknown Source)
	at org.jivesoftware.openfire.starter.ServerStarter.start(ServerStarter.java:113)
	at org.jivesoftware.openfire.starter.ServerStarter.main(ServerStarter.java:58)
2013.11.15 13:07:44 org.jivesoftware.database.DbConnectionManager - Unable to get a connection from the database pool (attempt 3 out of 10).
java.sql.SQLException: The database is already in use by another process: org.hsqldb.persist.NIOLockFile@8aa1e602[file =C:\Users\Javier\workspace\Personales\openfire\target\openfire\embedded-db\openfire.lck, exists=true, locked=false, valid=false, fl =null]: java.lang.Exception: checkHeartbeat(): lock file [C:\Users\Javier\workspace\Personales\openfire\target\openfire\embedded-db\openfire.lck] is presumably locked by another process.
	at org.hsqldb.jdbc.Util.sqlException(Unknown Source)
	at org.hsqldb.jdbc.jdbcConnection.<init>(Unknown Source)
	at org.hsqldb.jdbcDriver.getConnection(Unknown Source)
	at org.hsqldb.jdbcDriver.connect(Unknown Source)
	at java.sql.DriverManager.getConnection(Unknown Source)
	at java.sql.DriverManager.getConnection(Unknown Source)
	at org.logicalcobwebs.proxool.DefaultConnectionBuilder.buildConnection(DefaultConnectionBuilder.java:39)
	at org.logicalcobwebs.proxool.Prototyper.buildConnection(Prototyper.java:159)
	at org.logicalcobwebs.proxool.ConnectionPool.getConnection(ConnectionPool.java:211)
	at org.logicalcobwebs.proxool.ProxoolDriver.connect(ProxoolDriver.java:89)
	at java.sql.DriverManager.getConnection(Unknown Source)
	at java.sql.DriverManager.getConnection(Unknown Source)
	at org.jivesoftware.database.EmbeddedConnectionProvider.getConnection(EmbeddedConnectionProvider.java:61)
	at org.jivesoftware.database.DbConnectionManager.getConnection(DbConnectionManager.java:124)
	at org.jivesoftware.util.JiveProperties.loadProperties(JiveProperties.java:344)
	at org.jivesoftware.util.JiveProperties.init(JiveProperties.java:90)
	at org.jivesoftware.util.JiveProperties$JivePropertyHolder.<clinit>(JiveProperties.java:57)
	at org.jivesoftware.util.JiveProperties.getInstance(JiveProperties.java:69)
	at org.jivesoftware.util.JiveGlobals.getProperty(JiveGlobals.java:551)
	at org.jivesoftware.openfire.XMPPServer.initialize(XMPPServer.java:353)
	at org.jivesoftware.openfire.XMPPServer.start(XMPPServer.java:474)
	at org.jivesoftware.openfire.XMPPServer.<init>(XMPPServer.java:216)
	at sun.reflect.NativeConstructorAccessorImpl.newInstance0(Native Method)
	at sun.reflect.NativeConstructorAccessorImpl.newInstance(Unknown Source)
	at sun.reflect.DelegatingConstructorAccessorImpl.newInstance(Unknown Source)
	at java.lang.reflect.Constructor.newInstance(Unknown Source)
	at java.lang.Class.newInstance0(Unknown Source)
	at java.lang.Class.newInstance(Unknown Source)
	at org.jivesoftware.openfire.starter.ServerStarter.start(ServerStarter.java:113)
	at org.jivesoftware.openfire.starter.ServerStarter.main(ServerStarter.java:58)
2013.11.15 13:07:44 org.jivesoftware.database.DbConnectionManager - Unable to get a connection from the database pool (attempt 4 out of 10).
java.sql.SQLException: The database is already in use by another process: org.hsqldb.persist.NIOLockFile@8aa1e602[file =C:\Users\Javier\workspace\Personales\openfire\target\openfire\embedded-db\openfire.lck, exists=true, locked=false, valid=false, fl =null]: java.lang.Exception: checkHeartbeat(): lock file [C:\Users\Javier\workspace\Personales\openfire\target\openfire\embedded-db\openfire.lck] is presumably locked by another process.
	at org.hsqldb.jdbc.Util.sqlException(Unknown Source)
	at org.hsqldb.jdbc.jdbcConnection.<init>(Unknown Source)
	at org.hsqldb.jdbcDriver.getConnection(Unknown Source)
	at org.hsqldb.jdbcDriver.connect(Unknown Source)
	at java.sql.DriverManager.getConnection(Unknown Source)
	at java.sql.DriverManager.getConnection(Unknown Source)
	at org.logicalcobwebs.proxool.DefaultConnectionBuilder.buildConnection(DefaultConnectionBuilder.java:39)
	at org.logicalcobwebs.proxool.Prototyper.buildConnection(Prototyper.java:159)
	at org.logicalcobwebs.proxool.ConnectionPool.getConnection(ConnectionPool.java:211)
	at org.logicalcobwebs.proxool.ProxoolDriver.connect(ProxoolDriver.java:89)
	at java.sql.DriverManager.getConnection(Unknown Source)
	at java.sql.DriverManager.getConnection(Unknown Source)
	at org.jivesoftware.database.EmbeddedConnectionProvider.getConnection(EmbeddedConnectionProvider.java:61)
	at org.jivesoftware.database.DbConnectionManager.getConnection(DbConnectionManager.java:124)
	at org.jivesoftware.util.JiveProperties.loadProperties(JiveProperties.java:344)
	at org.jivesoftware.util.JiveProperties.init(JiveProperties.java:90)
	at org.jivesoftware.util.JiveProperties$JivePropertyHolder.<clinit>(JiveProperties.java:57)
	at org.jivesoftware.util.JiveProperties.getInstance(JiveProperties.java:69)
	at org.jivesoftware.util.JiveGlobals.getProperty(JiveGlobals.java:551)
	at org.jivesoftware.openfire.XMPPServer.initialize(XMPPServer.java:353)
	at org.jivesoftware.openfire.XMPPServer.start(XMPPServer.java:474)
	at org.jivesoftware.openfire.XMPPServer.<init>(XMPPServer.java:216)
	at sun.reflect.NativeConstructorAccessorImpl.newInstance0(Native Method)
	at sun.reflect.NativeConstructorAccessorImpl.newInstance(Unknown Source)
	at sun.reflect.DelegatingConstructorAccessorImpl.newInstance(Unknown Source)
	at java.lang.reflect.Constructor.newInstance(Unknown Source)
	at java.lang.Class.newInstance0(Unknown Source)
	at java.lang.Class.newInstance(Unknown Source)
	at org.jivesoftware.openfire.starter.ServerStarter.start(ServerStarter.java:113)
	at org.jivesoftware.openfire.starter.ServerStarter.main(ServerStarter.java:58)
2013.11.15 13:07:46 org.jivesoftware.openfire.XMPPServer - Registering shutdown hook (standalone mode)
2013.11.15 13:07:46 org.jivesoftware.util.cache.CacheFactory - Created cache [org.jivesoftware.util.cache.DefaultLocalCacheStrategy] for Routing Servers Cache
2013.11.15 13:07:46 org.jivesoftware.util.cache.CacheFactory - Created cache [org.jivesoftware.util.cache.DefaultLocalCacheStrategy] for Routing Components Cache
2013.11.15 13:07:46 org.jivesoftware.util.cache.CacheFactory - Created cache [org.jivesoftware.util.cache.DefaultLocalCacheStrategy] for Routing Users Cache
2013.11.15 13:07:46 org.jivesoftware.util.cache.CacheFactory - Created cache [org.jivesoftware.util.cache.DefaultLocalCacheStrategy] for Routing AnonymousUsers Cache
2013.11.15 13:07:46 org.jivesoftware.util.cache.CacheFactory - Created cache [org.jivesoftware.util.cache.DefaultLocalCacheStrategy] for Routing User Sessions
2013.11.15 13:07:46 org.jivesoftware.util.cache.CacheFactory - Created cache [org.jivesoftware.util.cache.DefaultLocalCacheStrategy] for Roster
2013.11.15 13:07:46 org.jivesoftware.util.cache.CacheFactory - Created cache [org.jivesoftware.util.cache.DefaultLocalCacheStrategy] for Multicast Service
2013.11.15 13:07:46 org.jivesoftware.util.cache.CacheFactory - Created cache [org.jivesoftware.util.cache.DefaultLocalCacheStrategy] for Offline Message Size
2013.11.15 13:07:46 org.jivesoftware.util.cache.CacheFactory - Created cache [org.jivesoftware.util.cache.DefaultLocalCacheStrategy] for VCard
2013.11.15 13:07:47 org.jivesoftware.util.cache.CacheFactory - Created cache [org.jivesoftware.util.cache.DefaultLocalCacheStrategy] for Privacy Lists
2013.11.15 13:07:47 org.jivesoftware.util.cache.CacheFactory - Created cache [org.jivesoftware.util.cache.DefaultLocalCacheStrategy] for File Transfer Cache
2013.11.15 13:07:47 org.jivesoftware.util.cache.CacheFactory - Created cache [org.jivesoftware.util.cache.DefaultLocalCacheStrategy] for Clearspace SSO Nonce
2013.11.15 13:07:47 org.jivesoftware.util.cache.CacheFactory - Created cache [org.jivesoftware.util.cache.DefaultLocalCacheStrategy] for Offline Presence Cache
2013.11.15 13:07:47 org.jivesoftware.util.cache.CacheFactory - Created cache [org.jivesoftware.util.cache.DefaultLocalCacheStrategy] for Last Activity Cache
2013.11.15 13:07:47 org.jivesoftware.util.cache.CacheFactory - Created cache [org.jivesoftware.util.cache.DefaultLocalCacheStrategy] for User
2013.11.15 13:07:47 org.jivesoftware.util.cache.CacheFactory - Created cache [org.jivesoftware.util.cache.DefaultLocalCacheStrategy] for Remote Users Existence
2013.11.15 13:07:47 org.jivesoftware.util.cache.CacheFactory - Created cache [org.jivesoftware.util.cache.DefaultLocalCacheStrategy] for Components Sessions
2013.11.15 13:07:47 org.jivesoftware.util.cache.CacheFactory - Created cache [org.jivesoftware.util.cache.DefaultLocalCacheStrategy] for Connection Managers Sessions
2013.11.15 13:07:47 org.jivesoftware.util.cache.CacheFactory - Created cache [org.jivesoftware.util.cache.DefaultLocalCacheStrategy] for Incoming Server Sessions
2013.11.15 13:07:47 org.jivesoftware.util.cache.CacheFactory - Created cache [org.jivesoftware.util.cache.DefaultLocalCacheStrategy] for Sessions by Hostname
2013.11.15 13:07:47 org.jivesoftware.util.cache.CacheFactory - Created cache [org.jivesoftware.util.cache.DefaultLocalCacheStrategy] for Validated Domains
2013.11.15 13:07:47 org.jivesoftware.util.cache.CacheFactory - Created cache [org.jivesoftware.util.cache.DefaultLocalCacheStrategy] for Client Session Info Cache
2013.11.15 13:07:47 org.jivesoftware.util.cache.CacheFactory - Created cache [org.jivesoftware.util.cache.DefaultLocalCacheStrategy] for Entity Capabilities
2013.11.15 13:07:47 org.jivesoftware.util.cache.CacheFactory - Created cache [org.jivesoftware.util.cache.DefaultLocalCacheStrategy] for Entity Capabilities Users
2013.11.15 13:07:47 org.jivesoftware.util.cache.CacheFactory - Created cache [org.jivesoftware.util.cache.DefaultLocalCacheStrategy] for Directed Presences
2013.11.15 13:07:47 org.jivesoftware.util.cache.CacheFactory - Created local-only cache [org.jivesoftware.util.cache.DefaultLocalCacheStrategy] for PEPServiceManager
2013.11.15 13:07:47 org.jivesoftware.util.cache.CacheFactory - Created cache [org.jivesoftware.util.cache.DefaultLocalCacheStrategy] for File Transfer
2013.11.15 13:07:47 org.jivesoftware.util.cache.CacheFactory - Created cache [org.jivesoftware.util.cache.DefaultLocalCacheStrategy] for Published Items
2013.11.15 13:07:47 org.jivesoftware.util.cache.CacheFactory - Created cache [org.jivesoftware.util.cache.DefaultLocalCacheStrategy] for Disco Server Features
2013.11.15 13:07:47 org.jivesoftware.util.cache.CacheFactory - Created cache [org.jivesoftware.util.cache.DefaultLocalCacheStrategy] for Disco Server Items
2013.11.15 13:07:47 org.jivesoftware.openfire.pubsub.PubSubModule - Dominio de Publicar-Suscribir: pubsub.javier.placencio
2013.11.15 13:07:47 org.jivesoftware.openfire.muc.spi.MultiUserChatServiceImpl - Dominio de Chat Multi-usuario: conference.javier.placencio
2013.11.15 13:07:48 org.jivesoftware.openfire.XMPPServer - Openfire 3.8.3 Alpha [15-nov-2013 13:07:48]
2013.11.15 13:07:50 org.jivesoftware.util.cache.CacheFactory - Created cache [org.jivesoftware.util.cache.DefaultLocalCacheStrategy] for Favicon Misses
2013.11.15 13:07:50 org.jivesoftware.util.cache.CacheFactory - Created cache [org.jivesoftware.util.cache.DefaultLocalCacheStrategy] for Favicon Hits
2013.11.15 13:07:52 org.jivesoftware.openfire.container.AdminConsolePlugin - Consola de administración escuchando en:
  http://javier.placencio:9090
  https://javier.placencio:9091
2013.11.15 13:07:52 org.jivesoftware.util.cache.CacheFactory - Created cache [org.jivesoftware.util.cache.DefaultLocalCacheStrategy] for Group
2013.11.15 13:07:52 org.jivesoftware.util.cache.CacheFactory - Created cache [org.jivesoftware.util.cache.DefaultLocalCacheStrategy] for Group Metadata Cache
2013.11.15 13:07:53 org.jivesoftware.openfire.plugin.gojara.sessions.TransportSessionManager -  Created TransportSessionManager
2013.11.15 13:07:53 org.jivesoftware.openfire.plugin.gojara.messagefilter.MainInterceptor - Created MainInterceptor for GoJara Plugin.
2013.11.15 13:07:53 org.jivesoftware.openfire.plugin.gojara.messagefilter.processors.AbstractRemoteRosterProcessor - Created DiscoIQRegisteredProcessor
2013.11.15 13:07:53 org.jivesoftware.openfire.plugin.gojara.messagefilter.processors.AbstractRemoteRosterProcessor - Created IQRosterPayloadProcessor
2013.11.15 13:07:53 org.jivesoftware.openfire.plugin.gojara.messagefilter.processors.AbstractRemoteRosterProcessor - Created NonPersistantProcessor
2013.11.15 13:07:53 org.jivesoftware.openfire.plugin.gojara.messagefilter.processors.AbstractRemoteRosterProcessor - Created StatisticsProcessor
2013.11.15 13:07:53 org.jivesoftware.openfire.plugin.gojara.messagefilter.processors.AbstractRemoteRosterProcessor - Created ClientToComponentUpdateProcessor
2013.11.15 13:07:53 org.jivesoftware.openfire.plugin.gojara.messagefilter.processors.AbstractRemoteRosterProcessor - Created WhitelistProcessor
2013.11.15 13:07:53 org.jivesoftware.openfire.plugin.gojara.messagefilter.processors.AbstractRemoteRosterProcessor - Created MucFilterProcessor
2013.11.15 13:07:53 org.jivesoftware.openfire.plugin.gojara.messagefilter.processors.AbstractRemoteRosterProcessor - Created GojaraAdminProcessor
2013.11.15 13:07:54 org.jivesoftware.openfire.plugin.gojara.base.RemoteRosterPlugin - Starting RemoteRoster Plugin
2013.11.15 13:07:54 org.jivesoftware.openfire.plugin.gojara.sessions.TransportSessionManager - Initializing Sessions.
2013.11.15 13:07:54 org.jivesoftware.openfire.plugin.gojara.base.RemoteRosterPlugin - Started Gojara successfully. Currently running interceptors: 4
2013.11.15 13:07:54 org.jinglenodes.JingleNodesPlugin - Jingle Nodes Loaded.
2013.11.15 13:07:55 org.jivesoftware.util.cache.CacheFactory - Created cache [org.jivesoftware.util.cache.DefaultLocalCacheStrategy] for Kraken Session Location Cache
2013.11.15 13:07:56 org.jivesoftware.openfire.plugin.PacketFilterPlugin - Packet Filter loaded...
2013.11.15 13:07:56 org.jivesoftware.openfire.plugin.gojara.messagefilter.MainInterceptor - Removing registration.notification.contact.javier.placencio from watched Transports.
2013.11.15 13:07:56 org.jivesoftware.openfire.plugin.gojara.messagefilter.MainInterceptor - Removing registration.notification.enabled.javier.placencio from watched Transports.
2013.11.15 13:07:57 org.jivesoftware.openfire.spi.ConnectionManagerImpl - Socket del servidor iniciado (sin encriptar) en el puerto: 5269
2013.11.15 13:07:57 org.jivesoftware.openfire.spi.ConnectionManagerImpl - Socket iniciado (sin encriptar) en el puerto: 5222
2013.11.15 13:07:57 org.jivesoftware.openfire.spi.ConnectionManagerImpl - Socket SSL (encriptado) iniciado en el puerto: 5223
2013.11.15 13:08:16 org.jivesoftware.util.cache.CacheFactory - Created cache [org.jivesoftware.util.cache.DefaultLocalCacheStrategy] for Locked Out Accounts
2013.11.15 13:16:17 org.jivesoftware.openfire.XMPPServer - Registering shutdown hook (standalone mode)
2013.11.15 13:16:17 org.jivesoftware.util.cache.CacheFactory - Created cache [org.jivesoftware.util.cache.DefaultLocalCacheStrategy] for Routing Servers Cache
2013.11.15 13:16:17 org.jivesoftware.util.cache.CacheFactory - Created cache [org.jivesoftware.util.cache.DefaultLocalCacheStrategy] for Routing Components Cache
2013.11.15 13:16:17 org.jivesoftware.util.cache.CacheFactory - Created cache [org.jivesoftware.util.cache.DefaultLocalCacheStrategy] for Routing Users Cache
2013.11.15 13:16:17 org.jivesoftware.util.cache.CacheFactory - Created cache [org.jivesoftware.util.cache.DefaultLocalCacheStrategy] for Routing AnonymousUsers Cache
2013.11.15 13:16:17 org.jivesoftware.util.cache.CacheFactory - Created cache [org.jivesoftware.util.cache.DefaultLocalCacheStrategy] for Routing User Sessions
2013.11.15 13:16:17 org.jivesoftware.util.cache.CacheFactory - Created cache [org.jivesoftware.util.cache.DefaultLocalCacheStrategy] for Roster
2013.11.15 13:16:17 org.jivesoftware.util.cache.CacheFactory - Created cache [org.jivesoftware.util.cache.DefaultLocalCacheStrategy] for Multicast Service
2013.11.15 13:16:17 org.jivesoftware.util.cache.CacheFactory - Created cache [org.jivesoftware.util.cache.DefaultLocalCacheStrategy] for Offline Message Size
2013.11.15 13:16:17 org.jivesoftware.util.cache.CacheFactory - Created cache [org.jivesoftware.util.cache.DefaultLocalCacheStrategy] for VCard
2013.11.15 13:16:17 org.jivesoftware.util.cache.CacheFactory - Created cache [org.jivesoftware.util.cache.DefaultLocalCacheStrategy] for Privacy Lists
2013.11.15 13:16:17 org.jivesoftware.util.cache.CacheFactory - Created cache [org.jivesoftware.util.cache.DefaultLocalCacheStrategy] for File Transfer Cache
2013.11.15 13:16:17 org.jivesoftware.util.cache.CacheFactory - Created cache [org.jivesoftware.util.cache.DefaultLocalCacheStrategy] for Clearspace SSO Nonce
2013.11.15 13:16:17 org.jivesoftware.util.cache.CacheFactory - Created cache [org.jivesoftware.util.cache.DefaultLocalCacheStrategy] for Offline Presence Cache
2013.11.15 13:16:17 org.jivesoftware.util.cache.CacheFactory - Created cache [org.jivesoftware.util.cache.DefaultLocalCacheStrategy] for Last Activity Cache
2013.11.15 13:16:17 org.jivesoftware.util.cache.CacheFactory - Created cache [org.jivesoftware.util.cache.DefaultLocalCacheStrategy] for User
2013.11.15 13:16:17 org.jivesoftware.util.cache.CacheFactory - Created cache [org.jivesoftware.util.cache.DefaultLocalCacheStrategy] for Remote Users Existence
2013.11.15 13:16:17 org.jivesoftware.util.cache.CacheFactory - Created cache [org.jivesoftware.util.cache.DefaultLocalCacheStrategy] for Components Sessions
2013.11.15 13:16:17 org.jivesoftware.util.cache.CacheFactory - Created cache [org.jivesoftware.util.cache.DefaultLocalCacheStrategy] for Connection Managers Sessions
2013.11.15 13:16:17 org.jivesoftware.util.cache.CacheFactory - Created cache [org.jivesoftware.util.cache.DefaultLocalCacheStrategy] for Incoming Server Sessions
2013.11.15 13:16:17 org.jivesoftware.util.cache.CacheFactory - Created cache [org.jivesoftware.util.cache.DefaultLocalCacheStrategy] for Sessions by Hostname
2013.11.15 13:16:17 org.jivesoftware.util.cache.CacheFactory - Created cache [org.jivesoftware.util.cache.DefaultLocalCacheStrategy] for Validated Domains
2013.11.15 13:16:17 org.jivesoftware.util.cache.CacheFactory - Created cache [org.jivesoftware.util.cache.DefaultLocalCacheStrategy] for Client Session Info Cache
2013.11.15 13:16:17 org.jivesoftware.util.cache.CacheFactory - Created cache [org.jivesoftware.util.cache.DefaultLocalCacheStrategy] for Entity Capabilities
2013.11.15 13:16:17 org.jivesoftware.util.cache.CacheFactory - Created cache [org.jivesoftware.util.cache.DefaultLocalCacheStrategy] for Entity Capabilities Users
2013.11.15 13:16:17 org.jivesoftware.util.cache.CacheFactory - Created cache [org.jivesoftware.util.cache.DefaultLocalCacheStrategy] for Directed Presences
2013.11.15 13:16:17 org.jivesoftware.util.cache.CacheFactory - Created local-only cache [org.jivesoftware.util.cache.DefaultLocalCacheStrategy] for PEPServiceManager
2013.11.15 13:16:17 org.jivesoftware.util.cache.CacheFactory - Created cache [org.jivesoftware.util.cache.DefaultLocalCacheStrategy] for File Transfer
2013.11.15 13:16:17 org.jivesoftware.util.cache.CacheFactory - Created cache [org.jivesoftware.util.cache.DefaultLocalCacheStrategy] for Published Items
2013.11.15 13:16:17 org.jivesoftware.util.cache.CacheFactory - Created cache [org.jivesoftware.util.cache.DefaultLocalCacheStrategy] for Disco Server Features
2013.11.15 13:16:17 org.jivesoftware.util.cache.CacheFactory - Created cache [org.jivesoftware.util.cache.DefaultLocalCacheStrategy] for Disco Server Items
2013.11.15 13:16:18 org.jivesoftware.openfire.pubsub.PubSubModule - Dominio de Publicar-Suscribir: pubsub.javier.placencio
2013.11.15 13:16:18 org.jivesoftware.openfire.muc.spi.MultiUserChatServiceImpl - Dominio de Chat Multi-usuario: conference.javier.placencio
2013.11.15 13:16:18 org.jivesoftware.openfire.XMPPServer - Openfire 3.8.3 Alpha [15-nov-2013 13:16:18]
2013.11.15 13:16:20 org.jivesoftware.util.cache.CacheFactory - Created cache [org.jivesoftware.util.cache.DefaultLocalCacheStrategy] for Favicon Misses
2013.11.15 13:16:20 org.jivesoftware.util.cache.CacheFactory - Created cache [org.jivesoftware.util.cache.DefaultLocalCacheStrategy] for Favicon Hits
2013.11.15 13:16:21 org.jivesoftware.openfire.container.AdminConsolePlugin - Consola de administración escuchando en:
  http://javier.placencio:9090
  https://javier.placencio:9091
2013.11.15 13:16:21 org.jivesoftware.util.cache.CacheFactory - Created cache [org.jivesoftware.util.cache.DefaultLocalCacheStrategy] for Group
2013.11.15 13:16:21 org.jivesoftware.util.cache.CacheFactory - Created cache [org.jivesoftware.util.cache.DefaultLocalCacheStrategy] for Group Metadata Cache
2013.11.15 13:16:23 org.jivesoftware.openfire.plugin.gojara.sessions.TransportSessionManager -  Created TransportSessionManager
2013.11.15 13:16:23 org.jivesoftware.openfire.plugin.gojara.messagefilter.MainInterceptor - Created MainInterceptor for GoJara Plugin.
2013.11.15 13:16:23 org.jivesoftware.openfire.plugin.gojara.messagefilter.processors.AbstractRemoteRosterProcessor - Created DiscoIQRegisteredProcessor
2013.11.15 13:16:23 org.jivesoftware.openfire.plugin.gojara.messagefilter.processors.AbstractRemoteRosterProcessor - Created IQRosterPayloadProcessor
2013.11.15 13:16:23 org.jivesoftware.openfire.plugin.gojara.messagefilter.processors.AbstractRemoteRosterProcessor - Created NonPersistantProcessor
2013.11.15 13:16:23 org.jivesoftware.openfire.plugin.gojara.messagefilter.processors.AbstractRemoteRosterProcessor - Created StatisticsProcessor
2013.11.15 13:16:23 org.jivesoftware.openfire.plugin.gojara.messagefilter.processors.AbstractRemoteRosterProcessor - Created ClientToComponentUpdateProcessor
2013.11.15 13:16:23 org.jivesoftware.openfire.plugin.gojara.messagefilter.processors.AbstractRemoteRosterProcessor - Created WhitelistProcessor
2013.11.15 13:16:23 org.jivesoftware.openfire.plugin.gojara.messagefilter.processors.AbstractRemoteRosterProcessor - Created MucFilterProcessor
2013.11.15 13:16:23 org.jivesoftware.openfire.plugin.gojara.messagefilter.processors.AbstractRemoteRosterProcessor - Created GojaraAdminProcessor
2013.11.15 13:16:23 org.jivesoftware.openfire.plugin.gojara.base.RemoteRosterPlugin - Starting RemoteRoster Plugin
2013.11.15 13:16:23 org.jivesoftware.openfire.plugin.gojara.sessions.TransportSessionManager - Initializing Sessions.
2013.11.15 13:16:23 org.jivesoftware.openfire.plugin.gojara.base.RemoteRosterPlugin - Started Gojara successfully. Currently running interceptors: 4
2013.11.15 13:16:23 org.jinglenodes.JingleNodesPlugin - Jingle Nodes Loaded.
2013.11.15 13:16:24 org.jivesoftware.util.cache.CacheFactory - Created cache [org.jivesoftware.util.cache.DefaultLocalCacheStrategy] for Kraken Session Location Cache
2013.11.15 13:16:25 org.jivesoftware.openfire.plugin.PacketFilterPlugin - Packet Filter loaded...
2013.11.15 13:16:25 org.jivesoftware.openfire.plugin.gojara.messagefilter.MainInterceptor - Removing registration.notification.contact.javier.placencio from watched Transports.
2013.11.15 13:16:25 org.jivesoftware.openfire.plugin.gojara.messagefilter.MainInterceptor - Removing registration.notification.enabled.javier.placencio from watched Transports.
2013.11.15 13:16:26 org.jivesoftware.openfire.spi.ConnectionManagerImpl - Socket del servidor iniciado (sin encriptar) en el puerto: 5269
2013.11.15 13:16:26 org.jivesoftware.openfire.spi.ConnectionManagerImpl - Socket iniciado (sin encriptar) en el puerto: 5222
2013.11.15 13:16:26 org.jivesoftware.openfire.spi.ConnectionManagerImpl - Socket SSL (encriptado) iniciado en el puerto: 5223
2013.11.15 13:17:23 org.jivesoftware.util.cache.CacheFactory - Created cache [org.jivesoftware.util.cache.DefaultLocalCacheStrategy] for Locked Out Accounts
2013.11.15 13:18:39 org.jivesoftware.openfire.XMPPServer - Registering shutdown hook (standalone mode)
2013.11.15 13:18:39 org.jivesoftware.util.cache.CacheFactory - Created cache [org.jivesoftware.util.cache.DefaultLocalCacheStrategy] for Routing Servers Cache
2013.11.15 13:18:39 org.jivesoftware.util.cache.CacheFactory - Created cache [org.jivesoftware.util.cache.DefaultLocalCacheStrategy] for Routing Components Cache
2013.11.15 13:18:39 org.jivesoftware.util.cache.CacheFactory - Created cache [org.jivesoftware.util.cache.DefaultLocalCacheStrategy] for Routing Users Cache
2013.11.15 13:18:39 org.jivesoftware.util.cache.CacheFactory - Created cache [org.jivesoftware.util.cache.DefaultLocalCacheStrategy] for Routing AnonymousUsers Cache
2013.11.15 13:18:39 org.jivesoftware.util.cache.CacheFactory - Created cache [org.jivesoftware.util.cache.DefaultLocalCacheStrategy] for Routing User Sessions
2013.11.15 13:18:39 org.jivesoftware.util.cache.CacheFactory - Created cache [org.jivesoftware.util.cache.DefaultLocalCacheStrategy] for Roster
2013.11.15 13:18:39 org.jivesoftware.util.cache.CacheFactory - Created cache [org.jivesoftware.util.cache.DefaultLocalCacheStrategy] for Multicast Service
2013.11.15 13:18:39 org.jivesoftware.util.cache.CacheFactory - Created cache [org.jivesoftware.util.cache.DefaultLocalCacheStrategy] for Offline Message Size
2013.11.15 13:18:39 org.jivesoftware.util.cache.CacheFactory - Created cache [org.jivesoftware.util.cache.DefaultLocalCacheStrategy] for VCard
2013.11.15 13:18:39 org.jivesoftware.util.cache.CacheFactory - Created cache [org.jivesoftware.util.cache.DefaultLocalCacheStrategy] for Privacy Lists
2013.11.15 13:18:39 org.jivesoftware.util.cache.CacheFactory - Created cache [org.jivesoftware.util.cache.DefaultLocalCacheStrategy] for File Transfer Cache
2013.11.15 13:18:39 org.jivesoftware.util.cache.CacheFactory - Created cache [org.jivesoftware.util.cache.DefaultLocalCacheStrategy] for Clearspace SSO Nonce
2013.11.15 13:18:39 org.jivesoftware.util.cache.CacheFactory - Created cache [org.jivesoftware.util.cache.DefaultLocalCacheStrategy] for Offline Presence Cache
2013.11.15 13:18:39 org.jivesoftware.util.cache.CacheFactory - Created cache [org.jivesoftware.util.cache.DefaultLocalCacheStrategy] for Last Activity Cache
2013.11.15 13:18:39 org.jivesoftware.util.cache.CacheFactory - Created cache [org.jivesoftware.util.cache.DefaultLocalCacheStrategy] for User
2013.11.15 13:18:39 org.jivesoftware.util.cache.CacheFactory - Created cache [org.jivesoftware.util.cache.DefaultLocalCacheStrategy] for Remote Users Existence
2013.11.15 13:18:40 org.jivesoftware.util.cache.CacheFactory - Created cache [org.jivesoftware.util.cache.DefaultLocalCacheStrategy] for Components Sessions
2013.11.15 13:18:40 org.jivesoftware.util.cache.CacheFactory - Created cache [org.jivesoftware.util.cache.DefaultLocalCacheStrategy] for Connection Managers Sessions
2013.11.15 13:18:40 org.jivesoftware.util.cache.CacheFactory - Created cache [org.jivesoftware.util.cache.DefaultLocalCacheStrategy] for Incoming Server Sessions
2013.11.15 13:18:40 org.jivesoftware.util.cache.CacheFactory - Created cache [org.jivesoftware.util.cache.DefaultLocalCacheStrategy] for Sessions by Hostname
2013.11.15 13:18:40 org.jivesoftware.util.cache.CacheFactory - Created cache [org.jivesoftware.util.cache.DefaultLocalCacheStrategy] for Validated Domains
2013.11.15 13:18:40 org.jivesoftware.util.cache.CacheFactory - Created cache [org.jivesoftware.util.cache.DefaultLocalCacheStrategy] for Client Session Info Cache
2013.11.15 13:18:40 org.jivesoftware.util.cache.CacheFactory - Created cache [org.jivesoftware.util.cache.DefaultLocalCacheStrategy] for Entity Capabilities
2013.11.15 13:18:40 org.jivesoftware.util.cache.CacheFactory - Created cache [org.jivesoftware.util.cache.DefaultLocalCacheStrategy] for Entity Capabilities Users
2013.11.15 13:18:40 org.jivesoftware.util.cache.CacheFactory - Created cache [org.jivesoftware.util.cache.DefaultLocalCacheStrategy] for Directed Presences
2013.11.15 13:18:40 org.jivesoftware.util.cache.CacheFactory - Created local-only cache [org.jivesoftware.util.cache.DefaultLocalCacheStrategy] for PEPServiceManager
2013.11.15 13:18:40 org.jivesoftware.util.cache.CacheFactory - Created cache [org.jivesoftware.util.cache.DefaultLocalCacheStrategy] for File Transfer
2013.11.15 13:18:40 org.jivesoftware.util.cache.CacheFactory - Created cache [org.jivesoftware.util.cache.DefaultLocalCacheStrategy] for Published Items
2013.11.15 13:18:40 org.jivesoftware.util.cache.CacheFactory - Created cache [org.jivesoftware.util.cache.DefaultLocalCacheStrategy] for Disco Server Features
2013.11.15 13:18:40 org.jivesoftware.util.cache.CacheFactory - Created cache [org.jivesoftware.util.cache.DefaultLocalCacheStrategy] for Disco Server Items
2013.11.15 13:18:40 org.jivesoftware.openfire.pubsub.PubSubModule - Dominio de Publicar-Suscribir: pubsub.javier.placencio
2013.11.15 13:18:40 org.jivesoftware.openfire.muc.spi.MultiUserChatServiceImpl - Dominio de Chat Multi-usuario: conference.javier.placencio
2013.11.15 13:18:41 org.jivesoftware.openfire.XMPPServer - Openfire 3.8.3 Alpha [15-nov-2013 13:18:41]
2013.11.15 13:18:43 org.jivesoftware.util.cache.CacheFactory - Created cache [org.jivesoftware.util.cache.DefaultLocalCacheStrategy] for Favicon Misses
2013.11.15 13:18:43 org.jivesoftware.util.cache.CacheFactory - Created cache [org.jivesoftware.util.cache.DefaultLocalCacheStrategy] for Favicon Hits
2013.11.15 13:18:44 org.jivesoftware.openfire.container.AdminConsolePlugin - Consola de administración escuchando en:
  http://javier.placencio:9090
  https://javier.placencio:9091
2013.11.15 13:18:44 org.jivesoftware.util.cache.CacheFactory - Created cache [org.jivesoftware.util.cache.DefaultLocalCacheStrategy] for Group
2013.11.15 13:18:44 org.jivesoftware.util.cache.CacheFactory - Created cache [org.jivesoftware.util.cache.DefaultLocalCacheStrategy] for Group Metadata Cache
2013.11.15 13:18:46 org.jivesoftware.openfire.plugin.gojara.sessions.TransportSessionManager -  Created TransportSessionManager
2013.11.15 13:18:46 org.jivesoftware.openfire.plugin.gojara.messagefilter.MainInterceptor - Created MainInterceptor for GoJara Plugin.
2013.11.15 13:18:46 org.jivesoftware.openfire.plugin.gojara.messagefilter.processors.AbstractRemoteRosterProcessor - Created DiscoIQRegisteredProcessor
2013.11.15 13:18:46 org.jivesoftware.openfire.plugin.gojara.messagefilter.processors.AbstractRemoteRosterProcessor - Created IQRosterPayloadProcessor
2013.11.15 13:18:46 org.jivesoftware.openfire.plugin.gojara.messagefilter.processors.AbstractRemoteRosterProcessor - Created NonPersistantProcessor
2013.11.15 13:18:46 org.jivesoftware.openfire.plugin.gojara.messagefilter.processors.AbstractRemoteRosterProcessor - Created StatisticsProcessor
2013.11.15 13:18:46 org.jivesoftware.openfire.plugin.gojara.messagefilter.processors.AbstractRemoteRosterProcessor - Created ClientToComponentUpdateProcessor
2013.11.15 13:18:46 org.jivesoftware.openfire.plugin.gojara.messagefilter.processors.AbstractRemoteRosterProcessor - Created WhitelistProcessor
2013.11.15 13:18:46 org.jivesoftware.openfire.plugin.gojara.messagefilter.processors.AbstractRemoteRosterProcessor - Created MucFilterProcessor
2013.11.15 13:18:46 org.jivesoftware.openfire.plugin.gojara.messagefilter.processors.AbstractRemoteRosterProcessor - Created GojaraAdminProcessor
2013.11.15 13:18:46 org.jivesoftware.openfire.plugin.gojara.base.RemoteRosterPlugin - Starting RemoteRoster Plugin
2013.11.15 13:18:46 org.jivesoftware.openfire.plugin.gojara.sessions.TransportSessionManager - Initializing Sessions.
2013.11.15 13:18:46 org.jivesoftware.openfire.plugin.gojara.base.RemoteRosterPlugin - Started Gojara successfully. Currently running interceptors: 4
2013.11.15 13:18:46 org.jinglenodes.JingleNodesPlugin - Jingle Nodes Loaded.
2013.11.15 13:18:47 org.jivesoftware.util.cache.CacheFactory - Created cache [org.jivesoftware.util.cache.DefaultLocalCacheStrategy] for Kraken Session Location Cache
2013.11.15 13:18:48 org.jivesoftware.openfire.plugin.PacketFilterPlugin - Packet Filter loaded...
2013.11.15 13:18:48 org.jivesoftware.openfire.plugin.gojara.messagefilter.MainInterceptor - Removing registration.notification.contact.javier.placencio from watched Transports.
2013.11.15 13:18:48 org.jivesoftware.openfire.plugin.gojara.messagefilter.MainInterceptor - Removing registration.notification.enabled.javier.placencio from watched Transports.
2013.11.15 13:18:49 org.jivesoftware.openfire.spi.ConnectionManagerImpl - Socket del servidor iniciado (sin encriptar) en el puerto: 5269
2013.11.15 13:18:49 org.jivesoftware.openfire.spi.ConnectionManagerImpl - Socket iniciado (sin encriptar) en el puerto: 5222
2013.11.15 13:18:49 org.jivesoftware.openfire.spi.ConnectionManagerImpl - Socket SSL (encriptado) iniciado en el puerto: 5223
2013.11.15 13:19:51 org.jivesoftware.util.cache.CacheFactory - Created cache [org.jivesoftware.util.cache.DefaultLocalCacheStrategy] for Locked Out Accounts
2013.11.15 13:21:40 org.jivesoftware.openfire.XMPPServer - Registering shutdown hook (standalone mode)
2013.11.15 13:21:40 org.jivesoftware.util.cache.CacheFactory - Created cache [org.jivesoftware.util.cache.DefaultLocalCacheStrategy] for Routing Servers Cache
2013.11.15 13:21:40 org.jivesoftware.util.cache.CacheFactory - Created cache [org.jivesoftware.util.cache.DefaultLocalCacheStrategy] for Routing Components Cache
2013.11.15 13:21:40 org.jivesoftware.util.cache.CacheFactory - Created cache [org.jivesoftware.util.cache.DefaultLocalCacheStrategy] for Routing Users Cache
2013.11.15 13:21:40 org.jivesoftware.util.cache.CacheFactory - Created cache [org.jivesoftware.util.cache.DefaultLocalCacheStrategy] for Routing AnonymousUsers Cache
2013.11.15 13:21:40 org.jivesoftware.util.cache.CacheFactory - Created cache [org.jivesoftware.util.cache.DefaultLocalCacheStrategy] for Routing User Sessions
2013.11.15 13:21:40 org.jivesoftware.util.cache.CacheFactory - Created cache [org.jivesoftware.util.cache.DefaultLocalCacheStrategy] for Roster
2013.11.15 13:21:40 org.jivesoftware.util.cache.CacheFactory - Created cache [org.jivesoftware.util.cache.DefaultLocalCacheStrategy] for Multicast Service
2013.11.15 13:21:40 org.jivesoftware.util.cache.CacheFactory - Created cache [org.jivesoftware.util.cache.DefaultLocalCacheStrategy] for Offline Message Size
2013.11.15 13:21:40 org.jivesoftware.util.cache.CacheFactory - Created cache [org.jivesoftware.util.cache.DefaultLocalCacheStrategy] for VCard
2013.11.15 13:21:41 org.jivesoftware.util.cache.CacheFactory - Created cache [org.jivesoftware.util.cache.DefaultLocalCacheStrategy] for Privacy Lists
2013.11.15 13:21:41 org.jivesoftware.util.cache.CacheFactory - Created cache [org.jivesoftware.util.cache.DefaultLocalCacheStrategy] for File Transfer Cache
2013.11.15 13:21:41 org.jivesoftware.util.cache.CacheFactory - Created cache [org.jivesoftware.util.cache.DefaultLocalCacheStrategy] for Clearspace SSO Nonce
2013.11.15 13:21:41 org.jivesoftware.util.cache.CacheFactory - Created cache [org.jivesoftware.util.cache.DefaultLocalCacheStrategy] for Offline Presence Cache
2013.11.15 13:21:41 org.jivesoftware.util.cache.CacheFactory - Created cache [org.jivesoftware.util.cache.DefaultLocalCacheStrategy] for Last Activity Cache
2013.11.15 13:21:41 org.jivesoftware.util.cache.CacheFactory - Created cache [org.jivesoftware.util.cache.DefaultLocalCacheStrategy] for User
2013.11.15 13:21:41 org.jivesoftware.util.cache.CacheFactory - Created cache [org.jivesoftware.util.cache.DefaultLocalCacheStrategy] for Remote Users Existence
2013.11.15 13:21:41 org.jivesoftware.util.cache.CacheFactory - Created cache [org.jivesoftware.util.cache.DefaultLocalCacheStrategy] for Components Sessions
2013.11.15 13:21:41 org.jivesoftware.util.cache.CacheFactory - Created cache [org.jivesoftware.util.cache.DefaultLocalCacheStrategy] for Connection Managers Sessions
2013.11.15 13:21:41 org.jivesoftware.util.cache.CacheFactory - Created cache [org.jivesoftware.util.cache.DefaultLocalCacheStrategy] for Incoming Server Sessions
2013.11.15 13:21:41 org.jivesoftware.util.cache.CacheFactory - Created cache [org.jivesoftware.util.cache.DefaultLocalCacheStrategy] for Sessions by Hostname
2013.11.15 13:21:41 org.jivesoftware.util.cache.CacheFactory - Created cache [org.jivesoftware.util.cache.DefaultLocalCacheStrategy] for Validated Domains
2013.11.15 13:21:41 org.jivesoftware.util.cache.CacheFactory - Created cache [org.jivesoftware.util.cache.DefaultLocalCacheStrategy] for Client Session Info Cache
2013.11.15 13:21:41 org.jivesoftware.util.cache.CacheFactory - Created cache [org.jivesoftware.util.cache.DefaultLocalCacheStrategy] for Entity Capabilities
2013.11.15 13:21:41 org.jivesoftware.util.cache.CacheFactory - Created cache [org.jivesoftware.util.cache.DefaultLocalCacheStrategy] for Entity Capabilities Users
2013.11.15 13:21:41 org.jivesoftware.util.cache.CacheFactory - Created cache [org.jivesoftware.util.cache.DefaultLocalCacheStrategy] for Directed Presences
2013.11.15 13:21:41 org.jivesoftware.util.cache.CacheFactory - Created local-only cache [org.jivesoftware.util.cache.DefaultLocalCacheStrategy] for PEPServiceManager
2013.11.15 13:21:41 org.jivesoftware.util.cache.CacheFactory - Created cache [org.jivesoftware.util.cache.DefaultLocalCacheStrategy] for File Transfer
2013.11.15 13:21:41 org.jivesoftware.util.cache.CacheFactory - Created cache [org.jivesoftware.util.cache.DefaultLocalCacheStrategy] for Published Items
2013.11.15 13:21:41 org.jivesoftware.util.cache.CacheFactory - Created cache [org.jivesoftware.util.cache.DefaultLocalCacheStrategy] for Disco Server Features
2013.11.15 13:21:41 org.jivesoftware.util.cache.CacheFactory - Created cache [org.jivesoftware.util.cache.DefaultLocalCacheStrategy] for Disco Server Items
2013.11.15 13:21:41 org.jivesoftware.openfire.pubsub.PubSubModule - Dominio de Publicar-Suscribir: pubsub.javier.placencio
2013.11.15 13:21:41 org.jivesoftware.openfire.muc.spi.MultiUserChatServiceImpl - Dominio de Chat Multi-usuario: conference.javier.placencio
2013.11.15 13:21:42 org.jivesoftware.openfire.XMPPServer - Openfire 3.8.3 Alpha [15-nov-2013 13:21:42]
2013.11.15 13:21:44 org.jivesoftware.util.cache.CacheFactory - Created cache [org.jivesoftware.util.cache.DefaultLocalCacheStrategy] for Favicon Misses
2013.11.15 13:21:44 org.jivesoftware.util.cache.CacheFactory - Created cache [org.jivesoftware.util.cache.DefaultLocalCacheStrategy] for Favicon Hits
2013.11.15 13:21:45 org.jivesoftware.openfire.container.AdminConsolePlugin - Consola de administración escuchando en:
  http://javier.placencio:9090
  https://javier.placencio:9091
2013.11.15 13:21:45 org.jivesoftware.util.cache.CacheFactory - Created cache [org.jivesoftware.util.cache.DefaultLocalCacheStrategy] for Group
2013.11.15 13:21:45 org.jivesoftware.util.cache.CacheFactory - Created cache [org.jivesoftware.util.cache.DefaultLocalCacheStrategy] for Group Metadata Cache
2013.11.15 13:21:46 org.jivesoftware.openfire.plugin.gojara.sessions.TransportSessionManager -  Created TransportSessionManager
2013.11.15 13:21:46 org.jivesoftware.openfire.plugin.gojara.messagefilter.MainInterceptor - Created MainInterceptor for GoJara Plugin.
2013.11.15 13:21:46 org.jivesoftware.openfire.plugin.gojara.messagefilter.processors.AbstractRemoteRosterProcessor - Created DiscoIQRegisteredProcessor
2013.11.15 13:21:46 org.jivesoftware.openfire.plugin.gojara.messagefilter.processors.AbstractRemoteRosterProcessor - Created IQRosterPayloadProcessor
2013.11.15 13:21:46 org.jivesoftware.openfire.plugin.gojara.messagefilter.processors.AbstractRemoteRosterProcessor - Created NonPersistantProcessor
2013.11.15 13:21:46 org.jivesoftware.openfire.plugin.gojara.messagefilter.processors.AbstractRemoteRosterProcessor - Created StatisticsProcessor
2013.11.15 13:21:46 org.jivesoftware.openfire.plugin.gojara.messagefilter.processors.AbstractRemoteRosterProcessor - Created ClientToComponentUpdateProcessor
2013.11.15 13:21:46 org.jivesoftware.openfire.plugin.gojara.messagefilter.processors.AbstractRemoteRosterProcessor - Created WhitelistProcessor
2013.11.15 13:21:46 org.jivesoftware.openfire.plugin.gojara.messagefilter.processors.AbstractRemoteRosterProcessor - Created MucFilterProcessor
2013.11.15 13:21:46 org.jivesoftware.openfire.plugin.gojara.messagefilter.processors.AbstractRemoteRosterProcessor - Created GojaraAdminProcessor
2013.11.15 13:21:47 org.jivesoftware.openfire.plugin.gojara.base.RemoteRosterPlugin - Starting RemoteRoster Plugin
2013.11.15 13:21:47 org.jivesoftware.openfire.plugin.gojara.sessions.TransportSessionManager - Initializing Sessions.
2013.11.15 13:21:47 org.jivesoftware.openfire.plugin.gojara.base.RemoteRosterPlugin - Started Gojara successfully. Currently running interceptors: 4
2013.11.15 13:21:47 org.jinglenodes.JingleNodesPlugin - Jingle Nodes Loaded.
2013.11.15 13:21:48 org.jivesoftware.util.cache.CacheFactory - Created cache [org.jivesoftware.util.cache.DefaultLocalCacheStrategy] for Kraken Session Location Cache
2013.11.15 13:21:48 org.jivesoftware.openfire.plugin.PacketFilterPlugin - Packet Filter loaded...
2013.11.15 13:21:48 org.jivesoftware.openfire.plugin.gojara.messagefilter.MainInterceptor - Removing registration.notification.contact.javier.placencio from watched Transports.
2013.11.15 13:21:48 org.jivesoftware.openfire.plugin.gojara.messagefilter.MainInterceptor - Removing registration.notification.enabled.javier.placencio from watched Transports.
2013.11.15 13:21:50 org.jivesoftware.openfire.spi.ConnectionManagerImpl - Socket del servidor iniciado (sin encriptar) en el puerto: 5269
2013.11.15 13:21:50 org.jivesoftware.openfire.spi.ConnectionManagerImpl - Socket iniciado (sin encriptar) en el puerto: 5222
2013.11.15 13:21:50 org.jivesoftware.openfire.spi.ConnectionManagerImpl - Socket SSL (encriptado) iniciado en el puerto: 5223
2013.11.15 13:21:59 org.jivesoftware.util.cache.CacheFactory - Created cache [org.jivesoftware.util.cache.DefaultLocalCacheStrategy] for Locked Out Accounts
2013.11.15 13:22:52 org.jivesoftware.openfire.XMPPServer - Registering shutdown hook (standalone mode)
2013.11.15 13:22:52 org.jivesoftware.util.cache.CacheFactory - Created cache [org.jivesoftware.util.cache.DefaultLocalCacheStrategy] for Routing Servers Cache
2013.11.15 13:22:52 org.jivesoftware.util.cache.CacheFactory - Created cache [org.jivesoftware.util.cache.DefaultLocalCacheStrategy] for Routing Components Cache
2013.11.15 13:22:52 org.jivesoftware.util.cache.CacheFactory - Created cache [org.jivesoftware.util.cache.DefaultLocalCacheStrategy] for Routing Users Cache
2013.11.15 13:22:52 org.jivesoftware.util.cache.CacheFactory - Created cache [org.jivesoftware.util.cache.DefaultLocalCacheStrategy] for Routing AnonymousUsers Cache
2013.11.15 13:22:52 org.jivesoftware.util.cache.CacheFactory - Created cache [org.jivesoftware.util.cache.DefaultLocalCacheStrategy] for Routing User Sessions
2013.11.15 13:22:52 org.jivesoftware.util.cache.CacheFactory - Created cache [org.jivesoftware.util.cache.DefaultLocalCacheStrategy] for Roster
2013.11.15 13:22:52 org.jivesoftware.util.cache.CacheFactory - Created cache [org.jivesoftware.util.cache.DefaultLocalCacheStrategy] for Multicast Service
2013.11.15 13:22:52 org.jivesoftware.util.cache.CacheFactory - Created cache [org.jivesoftware.util.cache.DefaultLocalCacheStrategy] for Offline Message Size
2013.11.15 13:22:52 org.jivesoftware.util.cache.CacheFactory - Created cache [org.jivesoftware.util.cache.DefaultLocalCacheStrategy] for VCard
2013.11.15 13:22:52 org.jivesoftware.util.cache.CacheFactory - Created cache [org.jivesoftware.util.cache.DefaultLocalCacheStrategy] for Privacy Lists
2013.11.15 13:22:52 org.jivesoftware.util.cache.CacheFactory - Created cache [org.jivesoftware.util.cache.DefaultLocalCacheStrategy] for File Transfer Cache
2013.11.15 13:22:52 org.jivesoftware.util.cache.CacheFactory - Created cache [org.jivesoftware.util.cache.DefaultLocalCacheStrategy] for Clearspace SSO Nonce
2013.11.15 13:22:52 org.jivesoftware.util.cache.CacheFactory - Created cache [org.jivesoftware.util.cache.DefaultLocalCacheStrategy] for Offline Presence Cache
2013.11.15 13:22:52 org.jivesoftware.util.cache.CacheFactory - Created cache [org.jivesoftware.util.cache.DefaultLocalCacheStrategy] for Last Activity Cache
2013.11.15 13:22:52 org.jivesoftware.util.cache.CacheFactory - Created cache [org.jivesoftware.util.cache.DefaultLocalCacheStrategy] for User
2013.11.15 13:22:52 org.jivesoftware.util.cache.CacheFactory - Created cache [org.jivesoftware.util.cache.DefaultLocalCacheStrategy] for Remote Users Existence
2013.11.15 13:22:52 org.jivesoftware.util.cache.CacheFactory - Created cache [org.jivesoftware.util.cache.DefaultLocalCacheStrategy] for Components Sessions
2013.11.15 13:22:52 org.jivesoftware.util.cache.CacheFactory - Created cache [org.jivesoftware.util.cache.DefaultLocalCacheStrategy] for Connection Managers Sessions
2013.11.15 13:22:52 org.jivesoftware.util.cache.CacheFactory - Created cache [org.jivesoftware.util.cache.DefaultLocalCacheStrategy] for Incoming Server Sessions
2013.11.15 13:22:52 org.jivesoftware.util.cache.CacheFactory - Created cache [org.jivesoftware.util.cache.DefaultLocalCacheStrategy] for Sessions by Hostname
2013.11.15 13:22:52 org.jivesoftware.util.cache.CacheFactory - Created cache [org.jivesoftware.util.cache.DefaultLocalCacheStrategy] for Validated Domains
2013.11.15 13:22:52 org.jivesoftware.util.cache.CacheFactory - Created cache [org.jivesoftware.util.cache.DefaultLocalCacheStrategy] for Client Session Info Cache
2013.11.15 13:22:52 org.jivesoftware.util.cache.CacheFactory - Created cache [org.jivesoftware.util.cache.DefaultLocalCacheStrategy] for Entity Capabilities
2013.11.15 13:22:52 org.jivesoftware.util.cache.CacheFactory - Created cache [org.jivesoftware.util.cache.DefaultLocalCacheStrategy] for Entity Capabilities Users
2013.11.15 13:22:53 org.jivesoftware.util.cache.CacheFactory - Created cache [org.jivesoftware.util.cache.DefaultLocalCacheStrategy] for Directed Presences
2013.11.15 13:22:53 org.jivesoftware.util.cache.CacheFactory - Created local-only cache [org.jivesoftware.util.cache.DefaultLocalCacheStrategy] for PEPServiceManager
2013.11.15 13:22:53 org.jivesoftware.util.cache.CacheFactory - Created cache [org.jivesoftware.util.cache.DefaultLocalCacheStrategy] for File Transfer
2013.11.15 13:22:53 org.jivesoftware.util.cache.CacheFactory - Created cache [org.jivesoftware.util.cache.DefaultLocalCacheStrategy] for Published Items
2013.11.15 13:22:53 org.jivesoftware.util.cache.CacheFactory - Created cache [org.jivesoftware.util.cache.DefaultLocalCacheStrategy] for Disco Server Features
2013.11.15 13:22:53 org.jivesoftware.util.cache.CacheFactory - Created cache [org.jivesoftware.util.cache.DefaultLocalCacheStrategy] for Disco Server Items
2013.11.15 13:22:53 org.jivesoftware.openfire.pubsub.PubSubModule - Dominio de Publicar-Suscribir: pubsub.javier.placencio
2013.11.15 13:22:53 org.jivesoftware.openfire.muc.spi.MultiUserChatServiceImpl - Dominio de Chat Multi-usuario: conference.javier.placencio
2013.11.15 13:22:54 org.jivesoftware.openfire.XMPPServer - Openfire 3.8.3 Alpha [15-nov-2013 13:22:54]
2013.11.15 13:22:55 org.jivesoftware.util.cache.CacheFactory - Created cache [org.jivesoftware.util.cache.DefaultLocalCacheStrategy] for Favicon Misses
2013.11.15 13:22:55 org.jivesoftware.util.cache.CacheFactory - Created cache [org.jivesoftware.util.cache.DefaultLocalCacheStrategy] for Favicon Hits
2013.11.15 13:22:56 org.jivesoftware.openfire.container.AdminConsolePlugin - Consola de administración escuchando en:
  http://javier.placencio:9090
  https://javier.placencio:9091
2013.11.15 13:22:56 org.jivesoftware.util.cache.CacheFactory - Created cache [org.jivesoftware.util.cache.DefaultLocalCacheStrategy] for Group
2013.11.15 13:22:56 org.jivesoftware.util.cache.CacheFactory - Created cache [org.jivesoftware.util.cache.DefaultLocalCacheStrategy] for Group Metadata Cache
2013.11.15 13:22:58 org.jivesoftware.openfire.plugin.gojara.sessions.TransportSessionManager -  Created TransportSessionManager
2013.11.15 13:22:58 org.jivesoftware.openfire.plugin.gojara.messagefilter.MainInterceptor - Created MainInterceptor for GoJara Plugin.
2013.11.15 13:22:58 org.jivesoftware.openfire.plugin.gojara.messagefilter.processors.AbstractRemoteRosterProcessor - Created DiscoIQRegisteredProcessor
2013.11.15 13:22:58 org.jivesoftware.openfire.plugin.gojara.messagefilter.processors.AbstractRemoteRosterProcessor - Created IQRosterPayloadProcessor
2013.11.15 13:22:58 org.jivesoftware.openfire.plugin.gojara.messagefilter.processors.AbstractRemoteRosterProcessor - Created NonPersistantProcessor
2013.11.15 13:22:58 org.jivesoftware.openfire.plugin.gojara.messagefilter.processors.AbstractRemoteRosterProcessor - Created StatisticsProcessor
2013.11.15 13:22:58 org.jivesoftware.openfire.plugin.gojara.messagefilter.processors.AbstractRemoteRosterProcessor - Created ClientToComponentUpdateProcessor
2013.11.15 13:22:58 org.jivesoftware.openfire.plugin.gojara.messagefilter.processors.AbstractRemoteRosterProcessor - Created WhitelistProcessor
2013.11.15 13:22:58 org.jivesoftware.openfire.plugin.gojara.messagefilter.processors.AbstractRemoteRosterProcessor - Created MucFilterProcessor
2013.11.15 13:22:58 org.jivesoftware.openfire.plugin.gojara.messagefilter.processors.AbstractRemoteRosterProcessor - Created GojaraAdminProcessor
2013.11.15 13:22:58 org.jivesoftware.openfire.plugin.gojara.base.RemoteRosterPlugin - Starting RemoteRoster Plugin
2013.11.15 13:22:58 org.jivesoftware.openfire.plugin.gojara.sessions.TransportSessionManager - Initializing Sessions.
2013.11.15 13:22:58 org.jivesoftware.openfire.plugin.gojara.base.RemoteRosterPlugin - Started Gojara successfully. Currently running interceptors: 4
2013.11.15 13:22:58 org.jinglenodes.JingleNodesPlugin - Jingle Nodes Loaded.
2013.11.15 13:22:59 org.jivesoftware.util.cache.CacheFactory - Created cache [org.jivesoftware.util.cache.DefaultLocalCacheStrategy] for Kraken Session Location Cache
2013.11.15 13:23:00 org.jivesoftware.openfire.plugin.PacketFilterPlugin - Packet Filter loaded...
2013.11.15 13:23:00 org.jivesoftware.openfire.plugin.gojara.messagefilter.MainInterceptor - Removing registration.notification.contact.javier.placencio from watched Transports.
2013.11.15 13:23:00 org.jivesoftware.openfire.plugin.gojara.messagefilter.MainInterceptor - Removing registration.notification.enabled.javier.placencio from watched Transports.
2013.11.15 13:23:01 org.jivesoftware.openfire.spi.ConnectionManagerImpl - Socket del servidor iniciado (sin encriptar) en el puerto: 5269
2013.11.15 13:23:01 org.jivesoftware.openfire.spi.ConnectionManagerImpl - Socket iniciado (sin encriptar) en el puerto: 5222
2013.11.15 13:23:01 org.jivesoftware.openfire.spi.ConnectionManagerImpl - Socket SSL (encriptado) iniciado en el puerto: 5223
2013.11.15 13:23:10 org.jivesoftware.util.cache.CacheFactory - Created cache [org.jivesoftware.util.cache.DefaultLocalCacheStrategy] for Locked Out Accounts
2013.11.15 13:23:48 org.jivesoftware.openfire.nio.ConnectionHandler - ConnectionHandler reports IOException for session: (SOCKET, R: /127.0.0.1:52500, L: /127.0.0.1:5222, S: 0.0.0.0/0.0.0.0:5222)
java.io.IOException: Se ha forzado la interrupción de una conexión existente por el host remoto
	at sun.nio.ch.SocketDispatcher.read0(Native Method)
	at sun.nio.ch.SocketDispatcher.read(Unknown Source)
	at sun.nio.ch.IOUtil.readIntoNativeBuffer(Unknown Source)
	at sun.nio.ch.IOUtil.read(Unknown Source)
	at sun.nio.ch.SocketChannelImpl.read(Unknown Source)
	at org.apache.mina.transport.socket.nio.SocketIoProcessor.read(SocketIoProcessor.java:218)
	at org.apache.mina.transport.socket.nio.SocketIoProcessor.process(SocketIoProcessor.java:198)
	at org.apache.mina.transport.socket.nio.SocketIoProcessor.access$400(SocketIoProcessor.java:45)
	at org.apache.mina.transport.socket.nio.SocketIoProcessor$Worker.run(SocketIoProcessor.java:485)
	at org.apache.mina.util.NamePreservingRunnable.run(NamePreservingRunnable.java:51)
	at java.util.concurrent.ThreadPoolExecutor.runWorker(Unknown Source)
	at java.util.concurrent.ThreadPoolExecutor$Worker.run(Unknown Source)
	at java.lang.Thread.run(Unknown Source)
