/*C4*/SET SCHEMA PUBLIC
CONNECT USER SA
/*C5*/SET SCHEMA PUBLIC
CONNECT USER SA
/*C6*/SET SCHEMA PUBLIC
CONNECT USER SA
/*C4*/DELETE FROM OFPRESENCE WHERE USERNAME='exiuser'
/*C6*/SET AUTOCOMMIT FALSE
DELETE FROM OFID WHERE IDTYPE=19
INSERT INTO OFID VALUES(19,167)
COMMIT
SET AUTOCOMMIT TRUE
/*C4*/INSERT INTO OFOFFLINE VALUES('javier',166,'001394038713852',152,'<message from="exiuser@exi.clayster.cl/Smack" id="3Pk1y-8" to="javier@exi.clayster.cl" type="chat"><body>hlolaaa</body><thread>7BaIw0</thread></message>')
/*C5*/SET AUTOCOMMIT FALSE
DELETE FROM OFID WHERE IDTYPE=50
INSERT INTO OFID VALUES(50,51)
COMMIT
SET AUTOCOMMIT TRUE
/*C6*/SET AUTOCOMMIT FALSE
INSERT INTO OFCONVERSATION VALUES(50,NULL,0,1394038713851,1394038713851,0)
INSERT INTO OFCONPARTICIPANT VALUES(50,1394038713851,NULL,'javier@exi.clayster.cl','',NULL)
INSERT INTO OFCONPARTICIPANT VALUES(50,1394038713851,NULL,'exiuser@exi.clayster.cl','Smack',NULL)
COMMIT
SET AUTOCOMMIT TRUE
/*C5*/INSERT INTO OFPRESENCE VALUES('exiuser',NULL,'001394038715932')
